Log file open, 12/06/16 22:48:03
LogInit:Display: Running engine for game: SpellWars
LogPlatformFile: Not using cached read wrapper
LogInit:Display: RandInit(-336091412) SRandInit(-336091411).
LogTaskGraph: Started task graph with 4 named threads and 7 total threads with 1 sets of task threads.
LogStats: Stats thread started at 0.072341
LeapPluginLog: Using LeapPlugin version 2.0.0
OCULUS: Info: [CAPI] LibOVR module is located at C:\Program Files\Oculus\Support\oculus-runtime\LibOVRRT64_1.dll
OCULUS: Debug: Connected to the server running version (prod = 1).1.7.0(build = 270909) feature version = 0. Client runs version (prod = 1).1.7.0(build = 270909) feature version = 0
LogInit: Version: 4.12.5-3039270+++UE4+Release-4.12
LogInit: API Version: 2992821
LogInit: Net Version: 3039270
LogDevObjectVersion: Number of dev versions registered: 13
LogDevObjectVersion:   Dev-Blueprints (B0D832E4-1F89-4F0D-ACCF-7EB736FD4AA2): 3
LogDevObjectVersion:   Dev-Build (E1C64328-A22C-4D53-A36C-8E866417BD8C): 0
LogDevObjectVersion:   Dev-Core (375EC13C-06E4-48FB-B500-84F0262A717E): 1
LogDevObjectVersion:   Dev-Editor (E4B068ED-F494-42E9-A231-DA0B2E46BB41): 2
LogDevObjectVersion:   Dev-Framework (CFFC743F-43B0-4480-9391-14DF171D2073): 6
LogDevObjectVersion:   Dev-Mobile (B02B49B5-BB20-44E9-A304-32B752E40360): 0
LogDevObjectVersion:   Dev-Networking (A4E4105C-59A1-49B5-A7C5-40C4547EDFEE): 0
LogDevObjectVersion:   Dev-Online (39C831C9-5AE6-47DC-9A44-9C173E1C8E7C): 0
LogDevObjectVersion:   Dev-Physics (78F01B33-EBEA-4F98-B9B4-84EACCB95AA2): 0
LogDevObjectVersion:   Dev-Platform (6631380F-2D4D-43E0-8009-CF276956A95A): 0
LogDevObjectVersion:   Dev-Rendering (12F88B9F-8875-4AFC-A67C-D90C383ABD29): 2
LogDevObjectVersion:   Dev-Sequencer (7B5AE74C-D270-4C10-A958-57980B212A5A): 0
LogDevObjectVersion:   Dev-VR (D7296918-1DD6-4BDD-9DE2-64A83CC13884): 0
LogInit: Compiled (64-bit): Jul  6 2016 09:09:46
LogInit: Compiled with Visual C++: 19.00.23026.00
LogInit: Build Configuration: Development
LogInit: Branch Name: ++UE4+Release-4.12
LogInit: Command line:  
LogInit: Base directory: C:/Program Files (x86)/Epic Games/4.12/Engine/Binaries/Win64/
LogInit: Installed Engine Build: 1
LogInit: Using libcurl 7.41.0
LogInit:  - built for x86_64-pc-win32
LogInit:  - supports SSL with WinSSL
LogInit:  - other features:
LogInit:      CURL_VERSION_SSL
LogInit:      CURL_VERSION_IPV6
LogInit:      CURL_VERSION_ASYNCHDNS
LogInit:      CURL_VERSION_LARGEFILE
LogInit:      CURL_VERSION_IDN
LogInit:  CurlRequestOptions (configurable via config and command line):
LogInit:  - bVerifyPeer = true  - Libcurl will verify peer certificate
LogInit:  - bUseHttpProxy = false  - Libcurl will NOT use HTTP proxy
LogInit:  - bDontReuseConnections = false  - Libcurl will reuse connections
LogInit:  - CertBundlePath = nullptr  - Libcurl will use whatever was configured at build time.
LogInit: Presizing for max 8388607 objects, including 0 objects not considered by GC, pre-allocating 0 bytes for permanent pool.
LogInit: Object subsystem initialized
[2016.12.07-03.48.03:863][  0]LogInit: Selected Device Profile: [Windows]
[2016.12.07-03.48.03:863][  0]LogInit: Applying CVar settings loaded from the selected device profile: [Windows]
[2016.12.07-03.48.03:886][  0]LogInit: Computer: 1398-P3C3-1380
[2016.12.07-03.48.03:886][  0]LogInit: User: keeh
[2016.12.07-03.48.03:886][  0]LogInit: CPU Page size=65536, Cores=4
[2016.12.07-03.48.03:886][  0]LogInit: High frequency timer resolution =2.728085 MHz
[2016.12.07-03.48.03:886][  0]LogMemory: Memory total: Physical=15.9GB (16GB approx)
[2016.12.07-03.48.03:886][  0]LogMemory: Platform Memory Stats for Windows
[2016.12.07-03.48.03:886][  0]LogMemory: Process Physical Memory: 196.33 MB used, 196.33 MB peak
[2016.12.07-03.48.03:886][  0]LogMemory: Process Virtual Memory: 199.35 MB used, 199.35 MB peak
[2016.12.07-03.48.03:886][  0]LogMemory: Physical Memory: 5624.58 MB used, 16308.40 MB total
[2016.12.07-03.48.03:886][  0]LogMemory: Virtual Memory: 601.81 MB used, 8388608.00 MB total
[2016.12.07-03.48.03:925][  0]LogTextLocalizationManager: No specific translations for ('en-US') exist, so ('en') translations will be used.
[2016.12.07-03.48.04:329][  0]LogD3D11RHI: D3D11 adapters:
[2016.12.07-03.48.04:351][  0]LogD3D11RHI:    0. 'NVIDIA GeForce GTX 970' (Feature Level 11_0)
[2016.12.07-03.48.04:351][  0]LogD3D11RHI:       4007/0/7898 MB DedicatedVideo/DedicatedSystem/SharedSystem, Outputs:1, VendorId:0x10de
[2016.12.07-03.48.04:351][  0]LogD3D11RHI: Chosen D3D11 Adapter: 0
[2016.12.07-03.48.04:355][  0]LogD3D11RHI: Creating new Direct3DDevice
[2016.12.07-03.48.04:355][  0]LogD3D11RHI:     GPU DeviceId: 0x13c2 (for the marketing name, search the web for "GPU Device Id")
[2016.12.07-03.48.04:355][  0]LogWindows: EnumDisplayDevices:
[2016.12.07-03.48.04:355][  0]LogWindows:    0. 'NVIDIA GeForce GTX 970' (P:1 D:1)
[2016.12.07-03.48.04:355][  0]LogWindows:    1. 'NVIDIA GeForce GTX 970' (P:0 D:0)
[2016.12.07-03.48.04:355][  0]LogWindows:    2. 'NVIDIA GeForce GTX 970' (P:0 D:0)
[2016.12.07-03.48.04:355][  0]LogWindows:    3. 'NVIDIA GeForce GTX 970' (P:0 D:0)
[2016.12.07-03.48.04:356][  0]LogWindows:    4. 'RDPDD Chained DD' (P:0 D:0)
[2016.12.07-03.48.04:356][  0]LogWindows:    5. 'RDP Encoder Mirror Driver' (P:0 D:0)
[2016.12.07-03.48.04:356][  0]LogWindows:    6. 'RDP Reflector Display Driver' (P:0 D:0)
[2016.12.07-03.48.04:356][  0]LogWindows: DebugString: GetVideoDriverDetailsInvalid PrimaryIsNotTheChoosenAdapter GetVideoDriverDetailsInvalid PrimaryIsNotTheChoosenAdapter GetVideoDriverDetailsInvalid PrimaryIsNotTheChoosenAdapter FoundDriverCount:4 
[2016.12.07-03.48.04:356][  0]LogD3D11RHI:     Adapter Name: NVIDIA GeForce GTX 970
[2016.12.07-03.48.04:356][  0]LogD3D11RHI:   Driver Version: 372.54 (internal:21.21.13.7254, unified:372.54)
[2016.12.07-03.48.04:356][  0]LogD3D11RHI:      Driver Date: 8-11-2016
[2016.12.07-03.48.04:356][  0]LogRHI: Texture pool is 1361 MB (70% of 1945 MB)
[2016.12.07-03.48.04:364][  0]LogD3D11RHI: Async texture creation enabled
[2016.12.07-03.48.04:379][  0]LogD3D11RHI: GPU Timing Frequency: 1000.000000 (Debug: 2 2)
[2016.12.07-03.48.04:379][  0]LogShaderCompilers: Guid format shader working directory is 33 characters bigger than the processId version (H:/SpellWars/Intermediate/Shaders/WorkingDirectory/3196/).
[2016.12.07-03.48.04:379][  0]LogShaderCompilers: Cleaned the shader compiler working directory 'C:/Users/keeh/AppData/Local/Temp/UnrealShaderWorkingDir/F64CE38C48D6683DABDF8392F69BA807/'.
[2016.12.07-03.48.04:379][  0]LogShaderCompilers:Display: Using Local Shader Compiler.
[2016.12.07-03.48.05:334][  0]LogTemp:Display: Loaded TP AllDesktopTargetPlatform
[2016.12.07-03.48.05:344][  0]LogTemp:Display: Loaded TP WindowsClientTargetPlatform
[2016.12.07-03.48.05:357][  0]LogTemp:Display: Loaded TP WindowsNoEditorTargetPlatform
[2016.12.07-03.48.05:369][  0]LogTemp:Display: Loaded TP WindowsServerTargetPlatform
[2016.12.07-03.48.05:378][  0]LogTemp:Display: Loaded TP WindowsTargetPlatform
[2016.12.07-03.48.05:387][  0]LogTemp:Display: Loaded TP AndroidTargetPlatform
[2016.12.07-03.48.05:396][  0]LogTemp:Display: Loaded TP Android_ASTCTargetPlatform
[2016.12.07-03.48.05:405][  0]LogTemp:Display: Loaded TP Android_ATCTargetPlatform
[2016.12.07-03.48.05:414][  0]LogTemp:Display: Loaded TP Android_DXTTargetPlatform
[2016.12.07-03.48.05:423][  0]LogTemp:Display: Loaded TP Android_ETC1TargetPlatform
[2016.12.07-03.48.05:432][  0]LogTemp:Display: Loaded TP Android_ETC2TargetPlatform
[2016.12.07-03.48.05:450][  0]LogTemp:Display: Loaded TP Android_MultiTargetPlatform
[2016.12.07-03.48.05:450][  0]LogTemp:Display: Loaded TP Android_PVRTCTargetPlatform
[2016.12.07-03.48.05:451][  0]LogTemp:Display: Loaded TP HTML5TargetPlatform
[2016.12.07-03.48.05:473][  0]LogTemp:Display: Loaded TP IOSTargetPlatform
[2016.12.07-03.48.05:482][  0]LogTemp:Display: Loaded TP TVOSTargetPlatform
[2016.12.07-03.48.05:490][  0]LogTemp:Display: Loaded TP LinuxNoEditorTargetPlatform
[2016.12.07-03.48.05:499][  0]LogTemp:Display: Loaded TP LinuxServerTargetPlatform
[2016.12.07-03.48.05:508][  0]LogTemp:Display: Loaded TP LinuxTargetPlatform
[2016.12.07-03.48.05:508][  0]LogTargetPlatformManager:Display: Building Assets For Windows
[2016.12.07-03.48.05:570][  0]LogDerivedDataCache:Display: Max Cache Size: 512 MB
[2016.12.07-03.48.05:627][  0]LogDerivedDataCache: Loaded boot cache 0.06s 53MB C:/Users/keeh/AppData/Local/UnrealEngine/4.12/DerivedDataCache/Boot.ddc.
[2016.12.07-03.48.05:627][  0]LogDerivedDataCache:Display: Loaded Boot cache: C:/Users/keeh/AppData/Local/UnrealEngine/4.12/DerivedDataCache/Boot.ddc
[2016.12.07-03.48.05:628][  0]LogDerivedDataCache: FDerivedDataBackendGraph:  Pak pak cache file H:/SpellWars/DerivedDataCache/DDC.ddp not found, will not use a pak cache.
[2016.12.07-03.48.05:628][  0]LogDerivedDataCache: Unable to find inner node Pak for hierarchical cache Hierarchy.
[2016.12.07-03.48.05:628][  0]LogDerivedDataCache: FDerivedDataBackendGraph:  CompressedPak pak cache file H:/SpellWars/DerivedDataCache/Compressed.ddp not found, will not use a pak cache.
[2016.12.07-03.48.05:628][  0]LogDerivedDataCache: Unable to find inner node CompressedPak for hierarchical cache Hierarchy.
[2016.12.07-03.48.05:646][  0]LogDerivedDataCache:Display: Pak cache opened for reading ../../../Engine/DerivedDataCache/Compressed.ddp.
[2016.12.07-03.48.05:657][  0]LogDerivedDataCache: Using Local data cache path C:/Users/keeh/AppData/Local/UnrealEngine/Common/DerivedDataCache: Writable
[2016.12.07-03.48.05:830][  0]LogInit: Selected Device Profile: [Windows]
[2016.12.07-03.48.05:831][  0]LogContentStreaming: Texture pool size is 0.00 MB
[2016.12.07-03.48.06:007][  0]LogMeshUtilities: No automatic mesh reduction module available
[2016.12.07-03.48.06:007][  0]LogMeshUtilities: No automatic mesh merging module available
[2016.12.07-03.48.06:007][  0]LogMeshUtilities: No distributed automatic mesh merging module available
[2016.12.07-03.48.06:033][  0]ImportText (StagingDirectory): Missing closing parenthesis: (Path=
[2016.12.07-03.48.06:033][  0]LogObj:Error: LoadConfig (/Script/UnrealEd.Default__ProjectPackagingSettings): import failed for StagingDirectory in: (Path=
[2016.12.07-03.48.06:239][  0]LogAssetRegistry: FAssetRegistry took 0.0195 seconds to start up
[2016.12.07-03.48.06:858][  0]LogPackageLocalizationCache: Processed 4 localized package path(s) for 2 prioritized culture(s) in 0.616225 seconds
[2016.12.07-03.48.06:862][  0]LogUObjectArray: 29424 objects as part of root set at end of initial load.
[2016.12.07-03.48.06:862][  0]LogUObjectAllocator: 5972744 out of 0 bytes used by permanent object pool.
[2016.12.07-03.48.06:862][  0]LogUObjectArray: CloseDisregardForGC: 0/0 objects in disregard for GC pool
[2016.12.07-03.48.06:868][  0]LogInit: WinSock: version 1.1 (2.2), MaxSocks=32767, MaxUdp=65467
[2016.12.07-03.48.07:034][  0]LogSlate: SlateFontCache - WITH_FREETYPE: 1, WITH_HARFBUZZ: 1
[2016.12.07-03.48.07:034][  0]LogSlate: SlateFontCache - WITH_FREETYPE: 1, WITH_HARFBUZZ: 1
[2016.12.07-03.48.07:693][  0]LogUdpMessaging: Initializing bridge on interface 0.0.0.0:0 to multicast group 230.0.0.1:6666.
[2016.12.07-03.48.07:694][  0]LogDirectoryWatcher: A directory notification failed for 'H:/SpellWars/Content/' because it was aborted or there was a buffer overflow.
[2016.12.07-03.48.08:054][  0]SourceControl: Info Source control is disabled
[2016.12.07-03.48.08:082][  0]SourceControl: Info Source control is disabled
[2016.12.07-03.48.08:087][  0]SourceControl: Info Source control is disabled
[2016.12.07-03.48.08:093][  0]SourceControl: Info Source control is disabled
[2016.12.07-03.48.08:192][  0]LogDirectoryWatcher: A directory notification failed for 'H:/SpellWars/Content/' because it was aborted or there was a buffer overflow.
[2016.12.07-03.48.08:246][  0]LogEngine: Initializing Engine...
[2016.12.07-03.48.08:246][  0]LogHMD: SteamVR failed to initialize.  Err: 110
[2016.12.07-03.48.08:247][  0]LogHMD: SteamVR failed to initialize.  Err: 110
[2016.12.07-03.48.08:247][  0]LogHMD: Oculus plugin initialized. Version: 4.12.5-3039270+++UE4+Release-4.12, LibOVR: 1.7.0, SDK: 1.3.2, built Jul  6 2016, 09:11:15
[2016.12.07-03.48.08:390][  0]LogAIModule: Creating AISystem for world NewWorld
[2016.12.07-03.48.08:394][  0]LogInit: XAudio2 using 'Speakers / Headphones (Realtek High Definition Audio)' : 2 channels at 48 kHz using 32 bits per sample (channel mask 0x3)
[2016.12.07-03.48.08:406][  0]LogInit: FAudioDevice initialized.
[2016.12.07-03.48.08:432][  0]LogDerivedDataCache: Saved boot cache 0.03s 53MB C:/Users/keeh/AppData/Local/UnrealEngine/4.12/DerivedDataCache/Boot.ddc.
[2016.12.07-03.48.08:441][  0]LogInit: Texture streaming: Enabled
[2016.12.07-03.48.08:461][  0]LogInit: Transaction tracking system initialized
[2016.12.07-03.48.08:480][  0]BlueprintLog: New page: Editor Load
[2016.12.07-03.48.08:549][  0]LocalizationService: Info Localization service is disabled
[2016.12.07-03.48.08:596][  0]LogConsoleResponse:Display: 
[2016.12.07-03.48.08:695][  0]LogCook:Display: Max memory allowance for cook 8192mb
[2016.12.07-03.48.08:695][  0]LogCook:Display: Mobile HDR setting 1
[2016.12.07-03.48.08:769][  0]SourceControl: Info Source control is disabled
[2016.12.07-03.48.08:769][  0]Cmd: MAP LOAD FILE="H:/SpellWars/Content/Lessons/Physics/HW5.umap" TEMPLATE=0 SHOWPROGRESS=1 FEATURELEVEL=3
[2016.12.07-03.48.08:783][  0]LightingResults: New page: Lighting Build
[2016.12.07-03.48.08:785][  0]MapCheck: New page: Map Check
[2016.12.07-03.48.08:785][  0]LightingResults: New page: Lighting Build
[2016.12.07-03.48.08:995][  0]LogFileCache: Scanning file cache for directory 'H:/SpellWars/Content/' took 0.16s
[2016.12.07-03.48.09:266][  0]LogBlueprint:Warning: Node '/Game/MixamoAnimPack/Mixamo_Kachujin/Anims/MixamoAnimBP_Kachujin.MixamoAnimBP_Kachujin:EdGraph_0.K2Node_CommutativeAssociativeBinaryOperator_2253' missing NodeGuid because of upgrade from old package version, this can cause deterministic cooking issues please resave package.
[2016.12.07-03.48.09:266][  0]LogBlueprint:Warning: Node '/Game/MixamoAnimPack/Mixamo_Kachujin/Anims/MixamoAnimBP_Kachujin.MixamoAnimBP_Kachujin:EdGraph_0.K2Node_CallFunction_102548' missing NodeGuid because of upgrade from old package version, this can cause deterministic cooking issues please resave package.
[2016.12.07-03.48.09:266][  0]LogBlueprint:Warning: Node '/Game/MixamoAnimPack/Mixamo_Kachujin/Anims/MixamoAnimBP_Kachujin.MixamoAnimBP_Kachujin:EdGraph_0.K2Node_VariableGet_2488' missing NodeGuid because of upgrade from old package version, this can cause deterministic cooking issues please resave package.
[2016.12.07-03.48.09:266][  0]LogBlueprint:Warning: Node '/Game/MixamoAnimPack/Mixamo_Kachujin/Anims/MixamoAnimBP_Kachujin.MixamoAnimBP_Kachujin:EdGraph_0.K2Node_FunctionResult_0' missing NodeGuid because of upgrade from old package version, this can cause deterministic cooking issues please resave package.
[2016.12.07-03.48.09:266][  0]LogBlueprint:Warning: Node '/Game/MixamoAnimPack/Mixamo_Kachujin/Anims/MixamoAnimBP_Kachujin.MixamoAnimBP_Kachujin:EdGraph_0.K2Node_FunctionEntry_139' missing NodeGuid because of upgrade from old package version, this can cause deterministic cooking issues please resave package.
[2016.12.07-03.48.09:283][  0]LogBlueprint:Warning: Node '/Game/MixamoAnimPack/Mixamo_Kachujin/Anims/MixamoAnimBP_Kachujin.MixamoAnimBP_Kachujin:EdGraph_1.K2Node_CommutativeAssociativeBinaryOperator_2253' missing NodeGuid because of upgrade from old package version, this can cause deterministic cooking issues please resave package.
[2016.12.07-03.48.09:283][  0]LogBlueprint:Warning: Node '/Game/MixamoAnimPack/Mixamo_Kachujin/Anims/MixamoAnimBP_Kachujin.MixamoAnimBP_Kachujin:EdGraph_1.K2Node_CallFunction_102548' missing NodeGuid because of upgrade from old package version, this can cause deterministic cooking issues please resave package.
[2016.12.07-03.48.09:283][  0]LogBlueprint:Warning: Node '/Game/MixamoAnimPack/Mixamo_Kachujin/Anims/MixamoAnimBP_Kachujin.MixamoAnimBP_Kachujin:EdGraph_1.K2Node_VariableGet_2488' missing NodeGuid because of upgrade from old package version, this can cause deterministic cooking issues please resave package.
[2016.12.07-03.48.09:283][  0]LogBlueprint:Warning: Node '/Game/MixamoAnimPack/Mixamo_Kachujin/Anims/MixamoAnimBP_Kachujin.MixamoAnimBP_Kachujin:EdGraph_1.K2Node_FunctionResult_0' missing NodeGuid because of upgrade from old package version, this can cause deterministic cooking issues please resave package.
[2016.12.07-03.48.09:283][  0]LogBlueprint:Warning: Node '/Game/MixamoAnimPack/Mixamo_Kachujin/Anims/MixamoAnimBP_Kachujin.MixamoAnimBP_Kachujin:EdGraph_1.K2Node_FunctionEntry_139' missing NodeGuid because of upgrade from old package version, this can cause deterministic cooking issues please resave package.
[2016.12.07-03.48.09:299][  0]LogBlueprint:Warning: Node '/Game/MixamoAnimPack/Mixamo_Kachujin/Anims/MixamoAnimBP_Kachujin.MixamoAnimBP_Kachujin:EdGraph_2.K2Node_CommutativeAssociativeBinaryOperator_2253' missing NodeGuid because of upgrade from old package version, this can cause deterministic cooking issues please resave package.
[2016.12.07-03.48.09:299][  0]LogBlueprint:Warning: Node '/Game/MixamoAnimPack/Mixamo_Kachujin/Anims/MixamoAnimBP_Kachujin.MixamoAnimBP_Kachujin:EdGraph_2.K2Node_CallFunction_102548' missing NodeGuid because of upgrade from old package version, this can cause deterministic cooking issues please resave package.
[2016.12.07-03.48.09:299][  0]LogBlueprint:Warning: Node '/Game/MixamoAnimPack/Mixamo_Kachujin/Anims/MixamoAnimBP_Kachujin.MixamoAnimBP_Kachujin:EdGraph_2.K2Node_VariableGet_2488' missing NodeGuid because of upgrade from old package version, this can cause deterministic cooking issues please resave package.
[2016.12.07-03.48.09:299][  0]LogBlueprint:Warning: Node '/Game/MixamoAnimPack/Mixamo_Kachujin/Anims/MixamoAnimBP_Kachujin.MixamoAnimBP_Kachujin:EdGraph_2.K2Node_FunctionResult_0' missing NodeGuid because of upgrade from old package version, this can cause deterministic cooking issues please resave package.
[2016.12.07-03.48.09:299][  0]LogBlueprint:Warning: Node '/Game/MixamoAnimPack/Mixamo_Kachujin/Anims/MixamoAnimBP_Kachujin.MixamoAnimBP_Kachujin:EdGraph_2.K2Node_FunctionEntry_139' missing NodeGuid because of upgrade from old package version, this can cause deterministic cooking issues please resave package.
[2016.12.07-03.48.12:432][  0]LogPackageName:Warning: String asset reference "FX_Meshes.UI.SM_SelectionMesh_01" is in short form, which is unsupported and -- even if valid -- resolving it will be really slow. Please consider resaving package in order to speed-up loading.
[2016.12.07-03.48.12:581][  0]LogPackageName: SearchForPackageOnDisk took   0.149s, but failed to resolve FX_Meshes.
[2016.12.07-03.48.12:581][  0]LogPackageName:Warning: String asset reference "FX_Meshes.UI.SM_SelectionMesh_01" could not be resolved.
[2016.12.07-03.48.12:772][  0]LogBlueprint:Warning: Node '/Game/MixamoAnimPack/Mixamo_Kachujin/Anims/MixamoAnimBP_Kachujin.MixamoAnimBP_Kachujin:AnimGraph.AnimGraphNode_StateMachine_6.Default.AnimStateNode_1.Locomotion/Idle.AnimGraphNode_BlendSpacePlayer_9' missing NodeGuid because of upgrade from old package version, this can cause deterministic cooking issues please resave package.
[2016.12.07-03.48.12:772][  0]LogBlueprint:Warning: Node '/Game/MixamoAnimPack/Mixamo_Kachujin/Anims/MixamoAnimBP_Kachujin.MixamoAnimBP_Kachujin:AnimGraph.AnimGraphNode_Root_5' missing NodeGuid because of upgrade from old package version, this can cause deterministic cooking issues please resave package.
[2016.12.07-03.48.12:772][  0]LogBlueprint:Warning: Node '/Game/MixamoAnimPack/Mixamo_Kachujin/Anims/MixamoAnimBP_Kachujin.MixamoAnimBP_Kachujin:AnimGraph.AnimGraphNode_StateMachine_6.Default.AnimStateNode_2.Run Jump.AnimGraphNode_SequencePlayer_34' missing NodeGuid because of upgrade from old package version, this can cause deterministic cooking issues please resave package.
[2016.12.07-03.48.12:772][  0]LogBlueprint:Warning: Node '/Game/MixamoAnimPack/Mixamo_Kachujin/Anims/MixamoAnimBP_Kachujin.MixamoAnimBP_Kachujin:AnimGraph.AnimGraphNode_StateMachine_6.Default.AnimStateNode_3.Jump.AnimGraphNode_SequencePlayer_483' missing NodeGuid because of upgrade from old package version, this can cause deterministic cooking issues please resave package.
[2016.12.07-03.48.12:772][  0]LogBlueprint:Warning: Node '/Game/MixamoAnimPack/Mixamo_Kachujin/Anims/MixamoAnimBP_Kachujin.MixamoAnimBP_Kachujin:AnimGraph.AnimGraphNode_StateMachine_6.Default.AnimStateNode_7.attacking.AnimGraphNode_SequencePlayer_153' missing NodeGuid because of upgrade from old package version, this can cause deterministic cooking issues please resave package.
[2016.12.07-03.48.12:772][  0]LogBlueprint:Warning: Node '/Game/MixamoAnimPack/Mixamo_Kachujin/Anims/MixamoAnimBP_Kachujin.MixamoAnimBP_Kachujin:AnimGraph.AnimGraphNode_StateMachine_6' missing NodeGuid because of upgrade from old package version, this can cause deterministic cooking issues please resave package.
[2016.12.07-03.48.12:772][  0]LogBlueprint:Warning: Node '/Game/MixamoAnimPack/Mixamo_Kachujin/Anims/MixamoAnimBP_Kachujin.MixamoAnimBP_Kachujin:AnimGraph.AnimGraphNode_StateMachine_6.Default.AnimStateNode_1.Locomotion/Idle.AnimGraphNode_StateResult_20' missing NodeGuid because of upgrade from old package version, this can cause deterministic cooking issues please resave package.
[2016.12.07-03.48.12:772][  0]LogBlueprint:Warning: Node '/Game/MixamoAnimPack/Mixamo_Kachujin/Anims/MixamoAnimBP_Kachujin.MixamoAnimBP_Kachujin:AnimGraph.AnimGraphNode_StateMachine_6.Default.AnimStateNode_2.Run Jump.AnimGraphNode_StateResult_15' missing NodeGuid because of upgrade from old package version, this can cause deterministic cooking issues please resave package.
[2016.12.07-03.48.12:772][  0]LogBlueprint:Warning: Node '/Game/MixamoAnimPack/Mixamo_Kachujin/Anims/MixamoAnimBP_Kachujin.MixamoAnimBP_Kachujin:AnimGraph.AnimGraphNode_StateMachine_6.Default.AnimStateNode_3.Jump.AnimGraphNode_StateResult_55' missing NodeGuid because of upgrade from old package version, this can cause deterministic cooking issues please resave package.
[2016.12.07-03.48.12:772][  0]LogBlueprint:Warning: Node '/Game/MixamoAnimPack/Mixamo_Kachujin/Anims/MixamoAnimBP_Kachujin.MixamoAnimBP_Kachujin:AnimGraph.AnimGraphNode_StateMachine_6.Default.AnimStateNode_7.attacking.AnimGraphNode_StateResult_188' missing NodeGuid because of upgrade from old package version, this can cause deterministic cooking issues please resave package.
[2016.12.07-03.48.12:772][  0]LogBlueprint:Warning: Node '/Game/MixamoAnimPack/Mixamo_Kachujin/Anims/MixamoAnimBP_Kachujin.MixamoAnimBP_Kachujin:AnimGraph.AnimGraphNode_StateMachine_6.Default.AnimStateTransitionNode_1.Transition.AnimGraphNode_TransitionResult_20' missing NodeGuid because of upgrade from old package version, this can cause deterministic cooking issues please resave package.
[2016.12.07-03.48.12:772][  0]LogBlueprint:Warning: Node '/Game/MixamoAnimPack/Mixamo_Kachujin/Anims/MixamoAnimBP_Kachujin.MixamoAnimBP_Kachujin:AnimGraph.AnimGraphNode_StateMachine_6.Default.AnimStateTransitionNode_12.Transition.AnimGraphNode_TransitionResult_467' missing NodeGuid because of upgrade from old package version, this can cause deterministic cooking issues please resave package.
[2016.12.07-03.48.12:772][  0]LogBlueprint:Warning: Node '/Game/MixamoAnimPack/Mixamo_Kachujin/Anims/MixamoAnimBP_Kachujin.MixamoAnimBP_Kachujin:AnimGraph.AnimGraphNode_StateMachine_6.Default.AnimStateTransitionNode_2.Transition.AnimGraphNode_TransitionResult_28' missing NodeGuid because of upgrade from old package version, this can cause deterministic cooking issues please resave package.
[2016.12.07-03.48.12:772][  0]LogBlueprint:Warning: Node '/Game/MixamoAnimPack/Mixamo_Kachujin/Anims/MixamoAnimBP_Kachujin.MixamoAnimBP_Kachujin:AnimGraph.AnimGraphNode_StateMachine_6.Default.AnimStateTransitionNode_5.Transition.AnimGraphNode_TransitionResult_142' missing NodeGuid because of upgrade from old package version, this can cause deterministic cooking issues please resave package.
[2016.12.07-03.48.12:772][  0]LogBlueprint:Warning: Node '/Game/MixamoAnimPack/Mixamo_Kachujin/Anims/MixamoAnimBP_Kachujin.MixamoAnimBP_Kachujin:AnimGraph.AnimGraphNode_StateMachine_6.Default.AnimStateTransitionNode_6.AnimationTransitionGraph_65.AnimGraphNode_TransitionResult_22' missing NodeGuid because of upgrade from old package version, this can cause deterministic cooking issues please resave package.
[2016.12.07-03.48.12:772][  0]LogBlueprint:Warning: Node '/Game/MixamoAnimPack/Mixamo_Kachujin/Anims/MixamoAnimBP_Kachujin.MixamoAnimBP_Kachujin:AnimGraph.AnimGraphNode_StateMachine_6.Default.AnimStateTransitionNode_7.Transition.AnimGraphNode_TransitionResult_148' missing NodeGuid because of upgrade from old package version, this can cause deterministic cooking issues please resave package.
[2016.12.07-03.48.12:772][  0]LogBlueprint:Warning: Node '/Game/MixamoAnimPack/Mixamo_Kachujin/Anims/MixamoAnimBP_Kachujin.MixamoAnimBP_Kachujin:AnimGraph.AnimGraphNode_StateMachine_6.Default.AnimStateTransitionNode_8.Transition.AnimGraphNode_TransitionResult_233' missing NodeGuid because of upgrade from old package version, this can cause deterministic cooking issues please resave package.
[2016.12.07-03.48.12:773][  0]LogBlueprint:Warning: Node '/Game/MixamoAnimPack/Mixamo_Kachujin/Anims/MixamoAnimBP_Kachujin.MixamoAnimBP_Kachujin:AnimGraph.AnimGraphNode_StateMachine_6.Default.AnimStateEntryNode_0' missing NodeGuid because of upgrade from old package version, this can cause deterministic cooking issues please resave package.
[2016.12.07-03.48.12:773][  0]LogBlueprint:Warning: Node '/Game/MixamoAnimPack/Mixamo_Kachujin/Anims/MixamoAnimBP_Kachujin.MixamoAnimBP_Kachujin:AnimGraph.AnimGraphNode_StateMachine_6.Default.AnimStateNode_1' missing NodeGuid because of upgrade from old package version, this can cause deterministic cooking issues please resave package.
[2016.12.07-03.48.12:773][  0]LogBlueprint:Warning: Node '/Game/MixamoAnimPack/Mixamo_Kachujin/Anims/MixamoAnimBP_Kachujin.MixamoAnimBP_Kachujin:AnimGraph.AnimGraphNode_StateMachine_6.Default.AnimStateNode_2' missing NodeGuid because of upgrade from old package version, this can cause deterministic cooking issues please resave package.
[2016.12.07-03.48.12:773][  0]LogBlueprint:Warning: Node '/Game/MixamoAnimPack/Mixamo_Kachujin/Anims/MixamoAnimBP_Kachujin.MixamoAnimBP_Kachujin:AnimGraph.AnimGraphNode_StateMachine_6.Default.AnimStateNode_3' missing NodeGuid because of upgrade from old package version, this can cause deterministic cooking issues please resave package.
[2016.12.07-03.48.12:773][  0]LogBlueprint:Warning: Node '/Game/MixamoAnimPack/Mixamo_Kachujin/Anims/MixamoAnimBP_Kachujin.MixamoAnimBP_Kachujin:AnimGraph.AnimGraphNode_StateMachine_6.Default.AnimStateNode_7' missing NodeGuid because of upgrade from old package version, this can cause deterministic cooking issues please resave package.
[2016.12.07-03.48.12:773][  0]LogBlueprint:Warning: Node '/Game/MixamoAnimPack/Mixamo_Kachujin/Anims/MixamoAnimBP_Kachujin.MixamoAnimBP_Kachujin:AnimGraph.AnimGraphNode_StateMachine_6.Default.AnimStateTransitionNode_1' missing NodeGuid because of upgrade from old package version, this can cause deterministic cooking issues please resave package.
[2016.12.07-03.48.12:773][  0]LogBlueprint:Warning: Node '/Game/MixamoAnimPack/Mixamo_Kachujin/Anims/MixamoAnimBP_Kachujin.MixamoAnimBP_Kachujin:AnimGraph.AnimGraphNode_StateMachine_6.Default.AnimStateTransitionNode_12' missing NodeGuid because of upgrade from old package version, this can cause deterministic cooking issues please resave package.
[2016.12.07-03.48.12:773][  0]LogBlueprint:Warning: Node '/Game/MixamoAnimPack/Mixamo_Kachujin/Anims/MixamoAnimBP_Kachujin.MixamoAnimBP_Kachujin:AnimGraph.AnimGraphNode_StateMachine_6.Default.AnimStateTransitionNode_2' missing NodeGuid because of upgrade from old package version, this can cause deterministic cooking issues please resave package.
[2016.12.07-03.48.12:773][  0]LogBlueprint:Warning: Node '/Game/MixamoAnimPack/Mixamo_Kachujin/Anims/MixamoAnimBP_Kachujin.MixamoAnimBP_Kachujin:AnimGraph.AnimGraphNode_StateMachine_6.Default.AnimStateTransitionNode_5' missing NodeGuid because of upgrade from old package version, this can cause deterministic cooking issues please resave package.
[2016.12.07-03.48.12:773][  0]LogBlueprint:Warning: Node '/Game/MixamoAnimPack/Mixamo_Kachujin/Anims/MixamoAnimBP_Kachujin.MixamoAnimBP_Kachujin:AnimGraph.AnimGraphNode_StateMachine_6.Default.AnimStateTransitionNode_6' missing NodeGuid because of upgrade from old package version, this can cause deterministic cooking issues please resave package.
[2016.12.07-03.48.12:773][  0]LogBlueprint:Warning: Node '/Game/MixamoAnimPack/Mixamo_Kachujin/Anims/MixamoAnimBP_Kachujin.MixamoAnimBP_Kachujin:AnimGraph.AnimGraphNode_StateMachine_6.Default.AnimStateTransitionNode_7' missing NodeGuid because of upgrade from old package version, this can cause deterministic cooking issues please resave package.
[2016.12.07-03.48.12:773][  0]LogBlueprint:Warning: Node '/Game/MixamoAnimPack/Mixamo_Kachujin/Anims/MixamoAnimBP_Kachujin.MixamoAnimBP_Kachujin:AnimGraph.AnimGraphNode_StateMachine_6.Default.AnimStateTransitionNode_8' missing NodeGuid because of upgrade from old package version, this can cause deterministic cooking issues please resave package.
[2016.12.07-03.48.12:773][  0]LogBlueprint:Warning: Node '/Game/MixamoAnimPack/Mixamo_Kachujin/Anims/MixamoAnimBP_Kachujin.MixamoAnimBP_Kachujin:EventGraph.EdGraphNode_Comment_19' missing NodeGuid because of upgrade from old package version, this can cause deterministic cooking issues please resave package.
[2016.12.07-03.48.12:773][  0]LogBlueprint:Warning: Node '/Game/MixamoAnimPack/Mixamo_Kachujin/Anims/MixamoAnimBP_Kachujin.MixamoAnimBP_Kachujin:EventGraph.EdGraphNode_Comment_22' missing NodeGuid because of upgrade from old package version, this can cause deterministic cooking issues please resave package.
[2016.12.07-03.48.12:773][  0]LogBlueprint:Warning: Node '/Game/MixamoAnimPack/Mixamo_Kachujin/Anims/MixamoAnimBP_Kachujin.MixamoAnimBP_Kachujin:EventGraph.EdGraphNode_Comment_26' missing NodeGuid because of upgrade from old package version, this can cause deterministic cooking issues please resave package.
[2016.12.07-03.48.12:773][  0]LogBlueprint:Warning: Node '/Game/MixamoAnimPack/Mixamo_Kachujin/Anims/MixamoAnimBP_Kachujin.MixamoAnimBP_Kachujin:AnimGraph.AnimGraphNode_StateMachine_6.Default.AnimStateTransitionNode_12.Transition.K2Node_CallFunction_91451' missing NodeGuid because of upgrade from old package version, this can cause deterministic cooking issues please resave package.
[2016.12.07-03.48.12:773][  0]LogBlueprint:Warning: Node '/Game/MixamoAnimPack/Mixamo_Kachujin/Anims/MixamoAnimBP_Kachujin.MixamoAnimBP_Kachujin:AnimGraph.AnimGraphNode_StateMachine_6.Default.AnimStateTransitionNode_2.Transition.K2Node_CallFunction_11224' missing NodeGuid because of upgrade from old package version, this can cause deterministic cooking issues please resave package.
[2016.12.07-03.48.12:773][  0]LogBlueprint:Warning: Node '/Game/MixamoAnimPack/Mixamo_Kachujin/Anims/MixamoAnimBP_Kachujin.MixamoAnimBP_Kachujin:AnimGraph.AnimGraphNode_StateMachine_6.Default.AnimStateTransitionNode_5.Transition.K2Node_CallFunction_224620' missing NodeGuid because of upgrade from old package version, this can cause deterministic cooking issues please resave package.
[2016.12.07-03.48.12:773][  0]LogBlueprint:Warning: Node '/Game/MixamoAnimPack/Mixamo_Kachujin/Anims/MixamoAnimBP_Kachujin.MixamoAnimBP_Kachujin:AnimGraph.AnimGraphNode_StateMachine_6.Default.AnimStateTransitionNode_5.Transition.K2Node_CallFunction_2831' missing NodeGuid because of upgrade from old package version, this can cause deterministic cooking issues please resave package.
[2016.12.07-03.48.12:773][  0]LogBlueprint:Warning: Node '/Game/MixamoAnimPack/Mixamo_Kachujin/Anims/MixamoAnimBP_Kachujin.MixamoAnimBP_Kachujin:AnimGraph.AnimGraphNode_StateMachine_6.Default.AnimStateTransitionNode_6.AnimationTransitionGraph_65.K2Node_CallFunction_92056' missing NodeGuid because of upgrade from old package version, this can cause deterministic cooking issues please resave package.
[2016.12.07-03.48.12:774][  0]LogBlueprint:Warning: Node '/Game/MixamoAnimPack/Mixamo_Kachujin/Anims/MixamoAnimBP_Kachujin.MixamoAnimBP_Kachujin:AnimGraph.AnimGraphNode_StateMachine_6.Default.AnimStateTransitionNode_7.Transition.K2Node_CallFunction_225505' missing NodeGuid because of upgrade from old package version, this can cause deterministic cooking issues please resave package.
[2016.12.07-03.48.12:774][  0]LogBlueprint:Warning: Node '/Game/MixamoAnimPack/Mixamo_Kachujin/Anims/MixamoAnimBP_Kachujin.MixamoAnimBP_Kachujin:CanJump.K2Node_CallFunction_102548' missing NodeGuid because of upgrade from old package version, this can cause deterministic cooking issues please resave package.
[2016.12.07-03.48.12:774][  0]LogBlueprint:Warning: Node '/Game/MixamoAnimPack/Mixamo_Kachujin/Anims/MixamoAnimBP_Kachujin.MixamoAnimBP_Kachujin:EventGraph.K2Node_CallFunction_108580' missing NodeGuid because of upgrade from old package version, this can cause deterministic cooking issues please resave package.
[2016.12.07-03.48.12:774][  0]LogBlueprint:Warning: Node '/Game/MixamoAnimPack/Mixamo_Kachujin/Anims/MixamoAnimBP_Kachujin.MixamoAnimBP_Kachujin:EventGraph.K2Node_CallFunction_162498' missing NodeGuid because of upgrade from old package version, this can cause deterministic cooking issues please resave package.
[2016.12.07-03.48.12:774][  0]LogBlueprint:Warning: Node '/Game/MixamoAnimPack/Mixamo_Kachujin/Anims/MixamoAnimBP_Kachujin.MixamoAnimBP_Kachujin:EventGraph.K2Node_CallFunction_169492' missing NodeGuid because of upgrade from old package version, this can cause deterministic cooking issues please resave package.
[2016.12.07-03.48.12:774][  0]LogBlueprint:Warning: Node '/Game/MixamoAnimPack/Mixamo_Kachujin/Anims/MixamoAnimBP_Kachujin.MixamoAnimBP_Kachujin:EventGraph.K2Node_CallFunction_227144' missing NodeGuid because of upgrade from old package version, this can cause deterministic cooking issues please resave package.
[2016.12.07-03.48.12:774][  0]LogBlueprint:Warning: Node '/Game/MixamoAnimPack/Mixamo_Kachujin/Anims/MixamoAnimBP_Kachujin.MixamoAnimBP_Kachujin:EventGraph.K2Node_CallFunction_29781' missing NodeGuid because of upgrade from old package version, this can cause deterministic cooking issues please resave package.
[2016.12.07-03.48.12:774][  0]LogBlueprint:Warning: Node '/Game/MixamoAnimPack/Mixamo_Kachujin/Anims/MixamoAnimBP_Kachujin.MixamoAnimBP_Kachujin:EventGraph.K2Node_CallFunction_29886' missing NodeGuid because of upgrade from old package version, this can cause deterministic cooking issues please resave package.
[2016.12.07-03.48.12:774][  0]LogBlueprint:Warning: Node '/Game/MixamoAnimPack/Mixamo_Kachujin/Anims/MixamoAnimBP_Kachujin.MixamoAnimBP_Kachujin:EventGraph.K2Node_CallFunction_45546' missing NodeGuid because of upgrade from old package version, this can cause deterministic cooking issues please resave package.
[2016.12.07-03.48.12:774][  0]LogBlueprint:Warning: Node '/Game/MixamoAnimPack/Mixamo_Kachujin/Anims/MixamoAnimBP_Kachujin.MixamoAnimBP_Kachujin:EventGraph.K2Node_CallFunction_45889' missing NodeGuid because of upgrade from old package version, this can cause deterministic cooking issues please resave package.
[2016.12.07-03.48.12:774][  0]LogBlueprint:Warning: Node '/Game/MixamoAnimPack/Mixamo_Kachujin/Anims/MixamoAnimBP_Kachujin.MixamoAnimBP_Kachujin:AnimGraph.AnimGraphNode_StateMachine_6.Default.AnimStateTransitionNode_2.Transition.K2Node_CommutativeAssociativeBinaryOperator_211' missing NodeGuid because of upgrade from old package version, this can cause deterministic cooking issues please resave package.
[2016.12.07-03.48.12:774][  0]LogBlueprint:Warning: Node '/Game/MixamoAnimPack/Mixamo_Kachujin/Anims/MixamoAnimBP_Kachujin.MixamoAnimBP_Kachujin:AnimGraph.AnimGraphNode_StateMachine_6.Default.AnimStateTransitionNode_5.Transition.K2Node_CommutativeAssociativeBinaryOperator_77' missing NodeGuid because of upgrade from old package version, this can cause deterministic cooking issues please resave package.
[2016.12.07-03.48.12:774][  0]LogBlueprint:Warning: Node '/Game/MixamoAnimPack/Mixamo_Kachujin/Anims/MixamoAnimBP_Kachujin.MixamoAnimBP_Kachujin:CanJump.K2Node_CommutativeAssociativeBinaryOperator_2253' missing NodeGuid because of upgrade from old package version, this can cause deterministic cooking issues please resave package.
[2016.12.07-03.48.12:774][  0]LogBlueprint:Warning: Node '/Game/MixamoAnimPack/Mixamo_Kachujin/Anims/MixamoAnimBP_Kachujin.MixamoAnimBP_Kachujin:EventGraph.K2Node_CommutativeAssociativeBinaryOperator_521' missing NodeGuid because of upgrade from old package version, this can cause deterministic cooking issues please resave package.
[2016.12.07-03.48.12:774][  0]LogBlueprint:Warning: Node '/Game/MixamoAnimPack/Mixamo_Kachujin/Anims/MixamoAnimBP_Kachujin.MixamoAnimBP_Kachujin:EventGraph.K2Node_DynamicCast_120' missing NodeGuid because of upgrade from old package version, this can cause deterministic cooking issues please resave package.
[2016.12.07-03.48.12:774][  0]LogBlueprint:Warning: Node '/Game/MixamoAnimPack/Mixamo_Kachujin/Anims/MixamoAnimBP_Kachujin.MixamoAnimBP_Kachujin:EventGraph.K2Node_DynamicCast_127' missing NodeGuid because of upgrade from old package version, this can cause deterministic cooking issues please resave package.
[2016.12.07-03.48.12:774][  0]LogBlueprint:Warning: Node '/Game/MixamoAnimPack/Mixamo_Kachujin/Anims/MixamoAnimBP_Kachujin.MixamoAnimBP_Kachujin:EventGraph.K2Node_DynamicCast_99' missing NodeGuid because of upgrade from old package version, this can cause deterministic cooking issues please resave package.
[2016.12.07-03.48.12:774][  0]LogBlueprint:Warning: Node '/Game/MixamoAnimPack/Mixamo_Kachujin/Anims/MixamoAnimBP_Kachujin.MixamoAnimBP_Kachujin:EventGraph.K2Node_Event_1003' missing NodeGuid because of upgrade from old package version, this can cause deterministic cooking issues please resave package.
[2016.12.07-03.48.12:774][  0]LogBlueprint:Warning: Node '/Game/MixamoAnimPack/Mixamo_Kachujin/Anims/MixamoAnimBP_Kachujin.MixamoAnimBP_Kachujin:EventGraph.K2Node_Event_2429' missing NodeGuid because of upgrade from old package version, this can cause deterministic cooking issues please resave package.
[2016.12.07-03.48.12:774][  0]LogBlueprint:Warning: Node '/Game/MixamoAnimPack/Mixamo_Kachujin/Anims/MixamoAnimBP_Kachujin.MixamoAnimBP_Kachujin:EventGraph.K2Node_Event_85' missing NodeGuid because of upgrade from old package version, this can cause deterministic cooking issues please resave package.
[2016.12.07-03.48.12:774][  0]LogBlueprint:Warning: Node '/Game/MixamoAnimPack/Mixamo_Kachujin/Anims/MixamoAnimBP_Kachujin.MixamoAnimBP_Kachujin:EventGraph.K2Node_ExecutionSequence_180' missing NodeGuid because of upgrade from old package version, this can cause deterministic cooking issues please resave package.
[2016.12.07-03.48.12:774][  0]LogBlueprint:Warning: Node '/Game/MixamoAnimPack/Mixamo_Kachujin/Anims/MixamoAnimBP_Kachujin.MixamoAnimBP_Kachujin:CanJump.K2Node_FunctionEntry_139' missing NodeGuid because of upgrade from old package version, this can cause deterministic cooking issues please resave package.
[2016.12.07-03.48.12:774][  0]LogBlueprint:Warning: Node '/Game/MixamoAnimPack/Mixamo_Kachujin/Anims/MixamoAnimBP_Kachujin.MixamoAnimBP_Kachujin:CanJump.K2Node_FunctionResult_0' missing NodeGuid because of upgrade from old package version, this can cause deterministic cooking issues please resave package.
[2016.12.07-03.48.12:774][  0]LogBlueprint:Warning: Node '/Game/MixamoAnimPack/Mixamo_Kachujin/Anims/MixamoAnimBP_Kachujin.MixamoAnimBP_Kachujin:EventGraph.K2Node_IfThenElse_332' missing NodeGuid because of upgrade from old package version, this can cause deterministic cooking issues please resave package.
[2016.12.07-03.48.12:774][  0]LogBlueprint:Warning: Node '/Game/MixamoAnimPack/Mixamo_Kachujin/Anims/MixamoAnimBP_Kachujin.MixamoAnimBP_Kachujin:EventGraph.K2Node_IfThenElse_413' missing NodeGuid because of upgrade from old package version, this can cause deterministic cooking issues please resave package.
[2016.12.07-03.48.12:774][  0]LogBlueprint:Warning: Node '/Game/MixamoAnimPack/Mixamo_Kachujin/Anims/MixamoAnimBP_Kachujin.MixamoAnimBP_Kachujin:AnimGraph.AnimGraphNode_StateMachine_6.Default.AnimStateTransitionNode_12.Transition.K2Node_TransitionRuleGetter_8' missing NodeGuid because of upgrade from old package version, this can cause deterministic cooking issues please resave package.
[2016.12.07-03.48.12:774][  0]LogBlueprint:Warning: Node '/Game/MixamoAnimPack/Mixamo_Kachujin/Anims/MixamoAnimBP_Kachujin.MixamoAnimBP_Kachujin:AnimGraph.AnimGraphNode_StateMachine_6.Default.AnimStateTransitionNode_6.AnimationTransitionGraph_65.K2Node_TransitionRuleGetter_17' missing NodeGuid because of upgrade from old package version, this can cause deterministic cooking issues please resave package.
[2016.12.07-03.48.12:774][  0]LogBlueprint:Warning: Node '/Game/MixamoAnimPack/Mixamo_Kachujin/Anims/MixamoAnimBP_Kachujin.MixamoAnimBP_Kachujin:AnimGraph.AnimGraphNode_StateMachine_6.Default.AnimStateTransitionNode_6.AnimationTransitionGraph_65.K2Node_TransitionRuleGetter_182' missing NodeGuid because of upgrade from old package version, this can cause deterministic cooking issues please resave package.
[2016.12.07-03.48.12:774][  0]LogBlueprint:Warning: Node '/Game/MixamoAnimPack/Mixamo_Kachujin/Anims/MixamoAnimBP_Kachujin.MixamoAnimBP_Kachujin:AnimGraph.AnimGraphNode_StateMachine_6.Default.AnimStateNode_1.Locomotion/Idle.K2Node_VariableGet_589' missing NodeGuid because of upgrade from old package version, this can cause deterministic cooking issues please resave package.
[2016.12.07-03.48.12:774][  0]LogBlueprint:Warning: Node '/Game/MixamoAnimPack/Mixamo_Kachujin/Anims/MixamoAnimBP_Kachujin.MixamoAnimBP_Kachujin:AnimGraph.AnimGraphNode_StateMachine_6.Default.AnimStateTransitionNode_1.Transition.K2Node_VariableGet_208' missing NodeGuid because of upgrade from old package version, this can cause deterministic cooking issues please resave package.
[2016.12.07-03.48.12:774][  0]LogBlueprint:Warning: Node '/Game/MixamoAnimPack/Mixamo_Kachujin/Anims/MixamoAnimBP_Kachujin.MixamoAnimBP_Kachujin:AnimGraph.AnimGraphNode_StateMachine_6.Default.AnimStateTransitionNode_2.Transition.K2Node_VariableGet_125' missing NodeGuid because of upgrade from old package version, this can cause deterministic cooking issues please resave package.
[2016.12.07-03.48.12:774][  0]LogBlueprint:Warning: Node '/Game/MixamoAnimPack/Mixamo_Kachujin/Anims/MixamoAnimBP_Kachujin.MixamoAnimBP_Kachujin:AnimGraph.AnimGraphNode_StateMachine_6.Default.AnimStateTransitionNode_2.Transition.K2Node_VariableGet_129' missing NodeGuid because of upgrade from old package version, this can cause deterministic cooking issues please resave package.
[2016.12.07-03.48.12:774][  0]LogBlueprint:Warning: Node '/Game/MixamoAnimPack/Mixamo_Kachujin/Anims/MixamoAnimBP_Kachujin.MixamoAnimBP_Kachujin:AnimGraph.AnimGraphNode_StateMachine_6.Default.AnimStateTransitionNode_5.Transition.K2Node_VariableGet_1066' missing NodeGuid because of upgrade from old package version, this can cause deterministic cooking issues please resave package.
[2016.12.07-03.48.12:774][  0]LogBlueprint:Warning: Node '/Game/MixamoAnimPack/Mixamo_Kachujin/Anims/MixamoAnimBP_Kachujin.MixamoAnimBP_Kachujin:AnimGraph.AnimGraphNode_StateMachine_6.Default.AnimStateTransitionNode_5.Transition.K2Node_VariableGet_74' missing NodeGuid because of upgrade from old package version, this can cause deterministic cooking issues please resave package.
[2016.12.07-03.48.12:774][  0]LogBlueprint:Warning: Node '/Game/MixamoAnimPack/Mixamo_Kachujin/Anims/MixamoAnimBP_Kachujin.MixamoAnimBP_Kachujin:AnimGraph.AnimGraphNode_StateMachine_6.Default.AnimStateTransitionNode_7.Transition.K2Node_VariableGet_1084' missing NodeGuid because of upgrade from old package version, this can cause deterministic cooking issues please resave package.
[2016.12.07-03.48.12:774][  0]LogBlueprint:Warning: Node '/Game/MixamoAnimPack/Mixamo_Kachujin/Anims/MixamoAnimBP_Kachujin.MixamoAnimBP_Kachujin:AnimGraph.AnimGraphNode_StateMachine_6.Default.AnimStateTransitionNode_8.Transition.K2Node_VariableGet_624' missing NodeGuid because of upgrade from old package version, this can cause deterministic cooking issues please resave package.
[2016.12.07-03.48.12:774][  0]LogBlueprint:Warning: Node '/Game/MixamoAnimPack/Mixamo_Kachujin/Anims/MixamoAnimBP_Kachujin.MixamoAnimBP_Kachujin:CanJump.K2Node_VariableGet_2488' missing NodeGuid because of upgrade from old package version, this can cause deterministic cooking issues please resave package.
[2016.12.07-03.48.12:774][  0]LogBlueprint:Warning: Node '/Game/MixamoAnimPack/Mixamo_Kachujin/Anims/MixamoAnimBP_Kachujin.MixamoAnimBP_Kachujin:EventGraph.K2Node_VariableGet_1007' missing NodeGuid because of upgrade from old package version, this can cause deterministic cooking issues please resave package.
[2016.12.07-03.48.12:775][  0]LogBlueprint:Warning: Node '/Game/MixamoAnimPack/Mixamo_Kachujin/Anims/MixamoAnimBP_Kachujin.MixamoAnimBP_Kachujin:EventGraph.K2Node_VariableGet_1157' missing NodeGuid because of upgrade from old package version, this can cause deterministic cooking issues please resave package.
[2016.12.07-03.48.12:775][  0]LogBlueprint:Warning: Node '/Game/MixamoAnimPack/Mixamo_Kachujin/Anims/MixamoAnimBP_Kachujin.MixamoAnimBP_Kachujin:EventGraph.K2Node_VariableGet_3156' missing NodeGuid because of upgrade from old package version, this can cause deterministic cooking issues please resave package.
[2016.12.07-03.48.12:775][  0]LogBlueprint:Warning: Node '/Game/MixamoAnimPack/Mixamo_Kachujin/Anims/MixamoAnimBP_Kachujin.MixamoAnimBP_Kachujin:EventGraph.K2Node_VariableSet_1402' missing NodeGuid because of upgrade from old package version, this can cause deterministic cooking issues please resave package.
[2016.12.07-03.48.12:775][  0]LogBlueprint:Warning: Node '/Game/MixamoAnimPack/Mixamo_Kachujin/Anims/MixamoAnimBP_Kachujin.MixamoAnimBP_Kachujin:EventGraph.K2Node_VariableSet_2289' missing NodeGuid because of upgrade from old package version, this can cause deterministic cooking issues please resave package.
[2016.12.07-03.48.12:775][  0]LogBlueprint:Warning: Node '/Game/MixamoAnimPack/Mixamo_Kachujin/Anims/MixamoAnimBP_Kachujin.MixamoAnimBP_Kachujin:EventGraph.K2Node_VariableSet_2465' missing NodeGuid because of upgrade from old package version, this can cause deterministic cooking issues please resave package.
[2016.12.07-03.48.12:775][  0]LogBlueprint:Warning: Node '/Game/MixamoAnimPack/Mixamo_Kachujin/Anims/MixamoAnimBP_Kachujin.MixamoAnimBP_Kachujin:EventGraph.K2Node_VariableSet_74' missing NodeGuid because of upgrade from old package version, this can cause deterministic cooking issues please resave package.
[2016.12.07-03.48.13:534][  0]LogAIModule: Creating AISystem for world HW5
[2016.12.07-03.48.13:542][  0]LogEditorServer: Finished looking for orphan Actors (0.000 secs)
[2016.12.07-03.48.13:543][  0]Cmd: MAP CHECKDEP NOCLEARLOG
[2016.12.07-03.48.13:610][  0]MapCheck: Info Map check complete: 0 Error(s), 0 Warning(s), took 67.04ms to complete.
[2016.12.07-03.48.13:610][  0]LogFileHelpers: Loading map 'HW5' took 4.841
[2016.12.07-03.48.13:729][  0]LogCollectionManager: Loaded 1 collections in 0.005826 seconds
[2016.12.07-03.48.13:769][  0]LogFileCache: Scanning file cache for directory 'H:/SpellWars/Saved/Collections/' took 0.01s
[2016.12.07-03.48.13:769][  0]LogFileCache: Scanning file cache for directory 'H:/SpellWars/Content/Developers/keeh/Collections/' took 0.01s
[2016.12.07-03.48.13:769][  0]LogFileCache: Scanning file cache for directory 'H:/SpellWars/Content/Collections/' took 0.01s
[2016.12.07-03.48.13:769][  0]LogCollectionManager: Rebuilt the GUID cache for 1 collections in 0.000004 seconds
[2016.12.07-03.48.13:769][  0]LogCollectionManager: Rebuilt the hierarchy cache for 1 collections in 0.000000 seconds
[2016.12.07-03.48.13:778][  0]LogContentBrowser: Native class hierarchy populated in 0.0086 seconds. Added 2074 classes and 373 folders.
[2016.12.07-03.48.13:781][  0]LogStats: UGameplayTagsManager::ConstructGameplayTagTree: Construct from data asset -  0.000 s
[2016.12.07-03.48.13:781][  0]LogStats: UGameplayTagsManager::ConstructGameplayTagTree: GameplayTagTreeChangedEvent.Broadcast -  0.000 s
[2016.12.07-03.48.13:782][  0]LogContentBrowser: Native class hierarchy updated for 'GameplayTags' in 0.0005 seconds. Added 12 classes and 0 folders.
[2016.12.07-03.48.13:786][  0]LogContentBrowser: Native class hierarchy updated for 'WidgetCarousel' in 0.0004 seconds. Added 0 classes and 0 folders.
[2016.12.07-03.48.13:824][  0]LogContentBrowser: Native class hierarchy updated for 'AddContentDialog' in 0.0005 seconds. Added 0 classes and 0 folders.
[2016.12.07-03.48.13:828][  0]LogContentBrowser: Native class hierarchy updated for 'SceneOutliner' in 0.0004 seconds. Added 1 classes and 2 folders.
[2016.12.07-03.48.13:843][  0]LogCrashTracker: Crashtracker disabled due to settings.
[2016.12.07-03.48.13:887][  0]LogContentBrowser: Native class hierarchy updated for 'HierarchicalLODOutliner' in 0.0004 seconds. Added 1 classes and 2 folders.
[2016.12.07-03.48.13:887][  0]LogLoad: Full Startup: 11.49 seconds (BP compile: 1.22 seconds)
[2016.12.07-03.48.13:887][  0]LogExternalProfiler: Found external profiler: VSPerf
[2016.12.07-03.48.13:887][  0]LogExternalProfiler: Using external profiler: VSPerf
[2016.12.07-03.48.14:221][  0]LogOcInput: OculusInput pre-init called
[2016.12.07-03.48.14:233][  0]LogOcInput: OculusInput is initialized. Init status 0. Runtime version: 1.7.0
[2016.12.07-03.48.14:251][  0]LogDirectoryWatcher: A directory notification failed for 'H:/SpellWars/Saved/Collections/' because it was aborted or there was a buffer overflow.
[2016.12.07-03.48.14:251][  0]LogDirectoryWatcher: A directory notification failed for 'H:/SpellWars/Content/Developers/keeh/Collections/' because it was aborted or there was a buffer overflow.
[2016.12.07-03.48.14:251][  0]LogDirectoryWatcher: A directory notification failed for 'H:/SpellWars/Content/Collections/' because it was aborted or there was a buffer overflow.
[2016.12.07-03.48.14:252][  0]LogContentStreaming: Texture pool size now 1000 MB
[2016.12.07-03.48.14:392][  0]LogRenderer: Reallocating scene render targets to support 1208x576 (Frame:2).
[2016.12.07-03.48.14:547][  1]LogAssetRegistry: Asset discovery search completed in 8.3273 seconds
[2016.12.07-03.48.14:547][  1]LogCollectionManager: Rebuilt the object cache for 1 collections in 0.000006 seconds (found 0 objects)
[2016.12.07-03.48.14:547][  1]LogCollectionManager: Fixed up redirectors for 1 collections in 0.000023 seconds (updated 0 objects)
[2016.12.07-03.48.14:547][  1]LogDirectoryWatcher: A directory notification failed for 'H:/SpellWars/Saved/Collections/' because it was aborted or there was a buffer overflow.
[2016.12.07-03.48.14:547][  1]LogDirectoryWatcher: A directory notification failed for 'H:/SpellWars/Content/Collections/' because it was aborted or there was a buffer overflow.
[2016.12.07-03.48.14:547][  1]LogDirectoryWatcher: A directory notification failed for 'H:/SpellWars/Content/Developers/keeh/Collections/' because it was aborted or there was a buffer overflow.
[2016.12.07-03.49.13:246][629]Cmd: QUIT_EDITOR
[2016.12.07-03.49.13:300][629]LogExit: Preparing to exit.
[2016.12.07-03.49.13:852][629]LogExit: Editor shut down
[2016.12.07-03.49.13:853][629]LogExit: Transaction tracking system shut down
[2016.12.07-03.49.14:000][629]LogObj: Freed 0b from 0 cluster array pools.
[2016.12.07-03.49.14:000][629]LogExit: Object subsystem successfully closed.
[2016.12.07-03.49.14:017][629]LogD3D11RHI: Shutdown
[2016.12.07-03.49.14:017][629]LogD3D11RHI: CleanupD3DDevice
[2016.12.07-03.49.14:055][629]LogD3D11RHI: ~FD3D11DynamicRHI
[2016.12.07-03.49.14:064][629]LogModuleManager: Shutting down and abandoning module HierarchicalLODOutliner (214)
[2016.12.07-03.49.14:064][629]LogModuleManager: Shutting down and abandoning module CrashTracker (213)
[2016.12.07-03.49.14:064][629]LogModuleManager: Shutting down and abandoning module SceneOutliner (212)
[2016.12.07-03.49.14:064][629]LogModuleManager: Shutting down and abandoning module WidgetCarousel (211)
[2016.12.07-03.49.14:064][629]LogModuleManager: Shutting down and abandoning module AddContentDialog (210)
[2016.12.07-03.49.14:065][629]LogModuleManager: Shutting down and abandoning module GameplayTags (209)
[2016.12.07-03.49.14:065][629]LogModuleManager: Shutting down and abandoning module EditorWidgets (208)
[2016.12.07-03.49.14:065][629]LogModuleManager: Shutting down and abandoning module CollectionManager (207)
[2016.12.07-03.49.17:065][629]LogModuleManager: Shutting down and abandoning module StatsViewer (206)
[2016.12.07-03.49.17:065][629]LogModuleManager: Shutting down and abandoning module FoliageEdit (205)
[2016.12.07-03.49.17:065][629]LogModuleManager: Shutting down and abandoning module LandscapeEditor (204)
[2016.12.07-03.49.17:065][629]LogModuleManager: Shutting down and abandoning module SceneDepthPickerMode (203)
[2016.12.07-03.49.17:065][629]LogModuleManager: Shutting down and abandoning module ActorPickerMode (202)
[2016.12.07-03.49.17:065][629]LogModuleManager: Shutting down and abandoning module GeometryMode (201)
[2016.12.07-03.49.17:065][629]LogModuleManager: Shutting down and abandoning module TextureAlignMode (200)
[2016.12.07-03.49.17:065][629]LogModuleManager: Shutting down and abandoning module BspMode (199)
[2016.12.07-03.49.17:065][629]LogModuleManager: Shutting down and abandoning module HardwareSurvey (198)
[2016.12.07-03.49.17:066][629]LogModuleManager: Shutting down and abandoning module SequenceRecorderSections (197)
[2016.12.07-03.49.17:066][629]LogModuleManager: Shutting down and abandoning module SequenceRecorder (196)
[2016.12.07-03.49.17:066][629]LogModuleManager: Shutting down and abandoning module AutomationWorker (195)
[2016.12.07-03.49.17:066][629]LogModuleManager: Shutting down and abandoning module MatineeToLevelSequence (194)
[2016.12.07-03.49.17:066][629]LogModuleManager: Shutting down and abandoning module PlacementMode (193)
[2016.12.07-03.49.17:066][629]LogModuleManager: Shutting down and abandoning module LevelSequenceEditor (192)
[2016.12.07-03.49.17:066][629]LogModuleManager: Shutting down and abandoning module CharacterAI (191)
[2016.12.07-03.49.17:066][629]LogModuleManager: Shutting down and abandoning module SmartSnapping (190)
[2016.12.07-03.49.17:066][629]LogModuleManager: Shutting down and abandoning module SessionServices (189)
[2016.12.07-03.49.17:066][629]LogModuleManager: Shutting down and abandoning module ViewportSnapping (188)
[2016.12.07-03.49.17:066][629]LogModuleManager: Shutting down and abandoning module LogVisualizer (187)
[2016.12.07-03.49.17:066][629]LogModuleManager: Shutting down and abandoning module GameProjectGeneration (186)
[2016.12.07-03.49.17:066][629]LogModuleManager: Shutting down and abandoning module IntroTutorials (185)
[2016.12.07-03.49.17:066][629]LogModuleManager: Shutting down and abandoning module EditorLiveStreaming (184)
[2016.12.07-03.49.17:066][629]LogModuleManager: Shutting down and abandoning module IOSPlatformEditor (183)
[2016.12.07-03.49.17:066][629]LogModuleManager: Shutting down and abandoning module HTML5PlatformEditor (182)
[2016.12.07-03.49.17:066][629]LogModuleManager: Shutting down and abandoning module AndroidDeviceDetection (181)
[2016.12.07-03.49.17:568][629]LogModuleManager: Shutting down and abandoning module AndroidPlatformEditor (180)
[2016.12.07-03.49.17:568][629]LogModuleManager: Shutting down and abandoning module IOSRuntimeSettings (179)
[2016.12.07-03.49.17:568][629]LogModuleManager: Shutting down and abandoning module AndroidRuntimeSettings (178)
[2016.12.07-03.49.17:568][629]LogModuleManager: Shutting down and abandoning module MergeActors (177)
[2016.12.07-03.49.17:568][629]LogModuleManager: Shutting down and abandoning module SizeMap (176)
[2016.12.07-03.49.17:568][629]LogModuleManager: Shutting down and abandoning module TreeMap (175)
[2016.12.07-03.49.17:568][629]LogModuleManager: Shutting down and abandoning module ReferenceViewer (174)
[2016.12.07-03.49.17:568][629]LogModuleManager: Shutting down and abandoning module LocalizationService (173)
[2016.12.07-03.49.17:568][629]LogModuleManager: Shutting down and abandoning module LocalizationDashboard (172)
[2016.12.07-03.49.17:568][629]LogModuleManager: Shutting down and abandoning module HardwareTargeting (171)
[2016.12.07-03.49.17:568][629]LogModuleManager: Shutting down and abandoning module DeviceProfileEditor (170)
[2016.12.07-03.49.17:568][629]LogModuleManager: Shutting down and abandoning module UndoHistory (169)
[2016.12.07-03.49.17:568][629]LogModuleManager: Shutting down and abandoning module UserFeedback (168)
[2016.12.07-03.49.17:568][629]LogModuleManager: Shutting down and abandoning module XmlParser (167)
[2016.12.07-03.49.17:568][629]LogModuleManager: Shutting down and abandoning module Blutility (166)
[2016.12.07-03.49.17:568][629]LogModuleManager: Shutting down and abandoning module ProjectTargetPlatformEditor (165)
[2016.12.07-03.49.17:569][629]LogModuleManager: Shutting down and abandoning module ProjectSettingsViewer (164)
[2016.12.07-03.49.17:569][629]LogModuleManager: Shutting down and abandoning module InputBindingEditor (163)
[2016.12.07-03.49.17:569][629]LogModuleManager: Shutting down and abandoning module EditorSettingsViewer (162)
[2016.12.07-03.49.17:569][629]LogModuleManager: Shutting down and abandoning module SettingsEditor (161)
[2016.12.07-03.49.17:569][629]LogModuleManager: Shutting down and abandoning module ProjectLauncher (160)
[2016.12.07-03.49.17:569][629]LogModuleManager: Shutting down and abandoning module SessionFrontend (159)
[2016.12.07-03.49.17:569][629]LogModuleManager: Shutting down and abandoning module ProfilerClient (158)
[2016.12.07-03.49.17:569][629]LogModuleManager: Shutting down and abandoning module TargetDeviceServices (157)
[2016.12.07-03.49.17:569][629]LogModuleManager: Shutting down and abandoning module DeviceManager (156)
[2016.12.07-03.49.17:619][629]LogModuleManager: Shutting down and abandoning module AutomationController (155)
[2016.12.07-03.49.17:619][629]LogModuleManager: Shutting down and abandoning module AutomationWindow (154)
[2016.12.07-03.49.17:619][629]LogModuleManager: Shutting down and abandoning module Layers (153)
[2016.12.07-03.49.17:619][629]LogModuleManager: Shutting down and abandoning module ComponentVisualizers (152)
[2016.12.07-03.49.17:619][629]LogModuleManager: Shutting down and abandoning module DetailCustomizations (151)
[2016.12.07-03.49.17:619][629]LogModuleManager: Shutting down and abandoning module PackagesDialog (150)
[2016.12.07-03.49.17:619][629]LogModuleManager: Shutting down and abandoning module Persona (149)
[2016.12.07-03.49.17:619][629]LogModuleManager: Shutting down and abandoning module Kismet (148)
[2016.12.07-03.49.17:619][629]LogModuleManager: Shutting down and abandoning module GraphEditor (147)
[2016.12.07-03.49.17:619][629]LogModuleManager: Shutting down and abandoning module ClassViewer (146)
[2016.12.07-03.49.17:619][629]LogModuleManager: Shutting down and abandoning module Toolbox (145)
[2016.12.07-03.49.17:619][629]LogModuleManager: Shutting down and abandoning module ModuleUI (144)
[2016.12.07-03.49.17:619][629]LogModuleManager: Shutting down and abandoning module MovieSceneTools (143)
[2016.12.07-03.49.17:619][629]LogModuleManager: Shutting down and abandoning module OutputLog (142)
[2016.12.07-03.49.17:619][629]LogModuleManager: Shutting down and abandoning module GammaUI (141)
[2016.12.07-03.49.17:619][629]LogModuleManager: Shutting down and abandoning module Documentation (140)
[2016.12.07-03.49.17:619][629]LogModuleManager: Shutting down and abandoning module StreamingPauseRendering (139)
[2016.12.07-03.49.17:619][629]LogModuleManager: Shutting down and abandoning module AnalyticsET (138)
[2016.12.07-03.49.17:619][629]LogModuleManager: Shutting down and abandoning module Analytics (137)
[2016.12.07-03.49.17:619][629]LogModuleManager: Shutting down and abandoning module PortalServices (136)
[2016.12.07-03.49.17:619][629]LogModuleManager: Shutting down and abandoning module PortalRpc (135)
[2016.12.07-03.49.17:619][629]LogModuleManager: Shutting down and abandoning module MessagingRpc (134)
[2016.12.07-03.49.17:619][629]LogModuleManager: Shutting down and abandoning module GameplayDebugger (133)
[2016.12.07-03.49.17:619][629]LogModuleManager: Shutting down and abandoning module AITestSuite (132)
[2016.12.07-03.49.17:619][629]LogModuleManager: Shutting down and abandoning module AIModule (131)
[2016.12.07-03.49.17:619][629]LogModuleManager: Shutting down and abandoning module ProfilerService (130)
[2016.12.07-03.49.17:694][629]LogModuleManager: Shutting down and abandoning module TaskGraph (129)
[2016.12.07-03.49.17:694][629]LogModuleManager: Shutting down and abandoning module SlateRemote (128)
[2016.12.07-03.49.17:694][629]LogModuleManager: Shutting down and abandoning module SteamVRController (127)
[2016.12.07-03.49.17:694][629]LogModuleManager: Shutting down and abandoning module SteamVR (126)
[2016.12.07-03.49.17:695][629]LogModuleManager: Shutting down and abandoning module ProceduralMeshComponent (125)
[2016.12.07-03.49.17:695][629]LogModuleManager: Shutting down and abandoning module OculusLibrary (124)
[2016.12.07-03.49.17:695][629]LogModuleManager: Shutting down and abandoning module OculusInput (123)
[2016.12.07-03.49.17:695][629]LogModuleManager: Shutting down and abandoning module CustomMeshComponent (122)
[2016.12.07-03.49.17:695][629]LogModuleManager: Shutting down and abandoning module CableComponent (121)
[2016.12.07-03.49.17:695][629]LogModuleManager: Shutting down and abandoning module ArchVisCharacter (120)
[2016.12.07-03.49.17:695][629]LogModuleManager: Shutting down and abandoning module MediaPlayerEditor (119)
[2016.12.07-03.49.17:695][629]LogModuleManager: Shutting down and abandoning module HTML5Networking (118)
[2016.12.07-03.49.17:695][629]LogModuleManager: Shutting down and abandoning module SuperSearch (117)
[2016.12.07-03.49.17:695][629]LogModuleManager: Shutting down and abandoning module SuperSearchEditor (116)
[2016.12.07-03.49.17:695][629]LogModuleManager: Shutting down and abandoning module SpeedTreeImporter (115)
[2016.12.07-03.49.17:695][629]LogModuleManager: Shutting down and abandoning module PluginBrowser (114)
[2016.12.07-03.49.17:695][629]LogModuleManager: Shutting down and abandoning module EpicSurvey (113)
[2016.12.07-03.49.17:695][629]LogModuleManager: Shutting down and abandoning module DesktopPlatform (112)
[2016.12.07-03.49.17:695][629]LogModuleManager: Shutting down and abandoning module VisualStudioSourceCodeAccess (111)
[2016.12.07-03.49.17:695][629]LogModuleManager: Shutting down and abandoning module UObjectPlugin (110)
[2016.12.07-03.49.17:695][629]LogModuleManager: Shutting down and abandoning module SubversionSourceControl (109)
[2016.12.07-03.49.17:695][629]LogModuleManager: Shutting down and abandoning module PerforceSourceControl (108)
[2016.12.07-03.49.17:695][629]LogModuleManager: Shutting down and abandoning module SourceControl (107)
[2016.12.07-03.49.17:695][629]LogModuleManager: Shutting down and abandoning module GitSourceControl (106)
[2016.12.07-03.49.17:695][629]LogModuleManager: Shutting down and abandoning module LightPropagationVolumeEditor (105)
[2016.12.07-03.49.17:695][629]LogModuleManager: Shutting down and abandoning module PaperTiledImporter (104)
[2016.12.07-03.49.17:695][629]LogModuleManager: Shutting down and abandoning module PaperSpriteSheetImporter (103)
[2016.12.07-03.49.17:695][629]LogModuleManager: Shutting down and abandoning module MeshPaint (102)
[2016.12.07-03.49.17:695][629]LogModuleManager: Shutting down and abandoning module PixelInspectorModule (101)
[2016.12.07-03.49.17:695][629]LogModuleManager: Shutting down and abandoning module HotReload (100)
[2016.12.07-03.49.17:696][629]LogModuleManager: Shutting down and abandoning module MainFrame (99)
[2016.12.07-03.49.17:696][629]LogModuleManager: Shutting down and abandoning module LevelEditor (98)
[2016.12.07-03.49.17:696][629]LogModuleManager: Shutting down and abandoning module ContentBrowser (97)
[2016.12.07-03.49.17:697][629]LogModuleManager: Shutting down and abandoning module Paper2DEditor (96)
[2016.12.07-03.49.17:697][629]LogModuleManager: Shutting down and abandoning module UdpMessaging (95)
[2016.12.07-03.49.17:797][629]LogModuleManager: Shutting down and abandoning module LightPropagationVolumeRuntime (94)
[2016.12.07-03.49.17:797][629]LogModuleManager: Shutting down and abandoning module Paper2D (93)
[2016.12.07-03.49.17:797][629]LogModuleManager: Shutting down and abandoning module WindowsMoviePlayer (92)
[2016.12.07-03.49.17:797][629]LogModuleManager: Shutting down and abandoning module Media (91)
[2016.12.07-03.49.17:797][629]LogModuleManager: Shutting down and abandoning module WmfMedia (90)
[2016.12.07-03.49.17:797][629]LogModuleManager: Shutting down and abandoning module MediaAssets (89)
[2016.12.07-03.49.17:797][629]LogModuleManager: Shutting down and abandoning module GameLiveStreaming (88)
[2016.12.07-03.49.17:797][629]LogModuleManager: Shutting down and abandoning module GameplayTagsEditor (87)
[2016.12.07-03.49.17:797][629]LogModuleManager: Shutting down and abandoning module OnlineBlueprintSupport (86)
[2016.12.07-03.49.17:797][629]LogModuleManager: Shutting down and abandoning module VREditor (85)
[2016.12.07-03.49.17:797][629]LogModuleManager: Shutting down and abandoning module GameplayTasksEditor (84)
[2016.12.07-03.49.17:797][629]LogModuleManager: Shutting down and abandoning module PropertyEditor (83)
[2016.12.07-03.49.17:798][629]LogModuleManager: Shutting down and abandoning module BehaviorTreeEditor (82)
[2016.12.07-03.49.17:798][629]LogModuleManager: Shutting down and abandoning module FunctionalTesting (81)
[2016.12.07-03.49.17:798][629]LogModuleManager: Shutting down and abandoning module CollisionAnalyzer (80)
[2016.12.07-03.49.17:798][629]LogModuleManager: Shutting down and abandoning module Sequencer (79)
[2016.12.07-03.49.17:798][629]LogModuleManager: Shutting down and abandoning module WorkspaceMenuStructure (78)
[2016.12.07-03.49.17:798][629]LogModuleManager: Shutting down and abandoning module MessageLog (77)
[2016.12.07-03.49.17:798][629]LogModuleManager: Shutting down and abandoning module AssetTools (76)
[2016.12.07-03.49.17:798][629]LogModuleManager: Shutting down and abandoning module UMGEditor (75)
[2016.12.07-03.49.17:798][629]LogModuleManager: Shutting down and abandoning module UMG (74)
[2016.12.07-03.49.17:798][629]LogModuleManager: Shutting down and abandoning module SlateReflector (73)
[2016.12.07-03.49.17:798][629]LogModuleManager: Shutting down and abandoning module Slate (72)
[2016.12.07-03.49.17:798][629]LogModuleManager: Shutting down and abandoning module EditorStyle (71)
[2016.12.07-03.49.17:800][629]LogModuleManager: Shutting down and abandoning module SourceCodeAccess (70)
[2016.12.07-03.49.17:800][629]LogModuleManager: Shutting down and abandoning module HeadMountedDisplay (69)
[2016.12.07-03.49.17:800][629]LogModuleManager: Shutting down and abandoning module XAudio2 (68)
[2016.12.07-03.49.17:800][629]LogModuleManager: Shutting down and abandoning module Networking (66)
[2016.12.07-03.49.17:800][629]LogModuleManager: Shutting down and abandoning module Core (65)
[2016.12.07-03.49.17:800][629]LogModuleManager: Shutting down and abandoning module DirectoryWatcher (64)
[2016.12.07-03.49.18:802][629]LogModuleManager: Shutting down and abandoning module AssetRegistry (63)
[2016.12.07-03.49.19:432][629]LogModuleManager: Shutting down and abandoning module KismetCompiler (62)
[2016.12.07-03.49.19:432][629]LogModuleManager: Shutting down and abandoning module PhysXFormats (61)
[2016.12.07-03.49.19:432][629]LogModuleManager: Shutting down and abandoning module MeshUtilities (60)
[2016.12.07-03.49.19:432][629]LogModuleManager: Shutting down and abandoning module DerivedDataCache (59)
[2016.12.07-03.49.19:643][629]LogDerivedDataCache: Shutdown
[2016.12.07-03.49.19:643][629]LogModuleManager: Shutting down and abandoning module VulkanShaderFormat (58)
[2016.12.07-03.49.19:643][629]LogModuleManager: Shutting down and abandoning module ShaderFormatOpenGL (57)
[2016.12.07-03.49.19:643][629]LogModuleManager: Shutting down and abandoning module ShaderFormatD3D (56)
[2016.12.07-03.49.19:643][629]LogModuleManager: Shutting down and abandoning module MetalShaderFormat (55)
[2016.12.07-03.49.19:643][629]LogModuleManager: Shutting down and abandoning module TextureFormatUncompressed (54)
[2016.12.07-03.49.19:643][629]LogModuleManager: Shutting down and abandoning module TextureFormatPVR (53)
[2016.12.07-03.49.19:643][629]LogModuleManager: Shutting down and abandoning module TextureFormatIntelISPCTexComp (52)
[2016.12.07-03.49.19:643][629]LogModuleManager: Shutting down and abandoning module TextureFormatDXT (51)
[2016.12.07-03.49.19:643][629]LogModuleManager: Shutting down and abandoning module ImageWrapper (50)
[2016.12.07-03.49.19:643][629]LogModuleManager: Shutting down and abandoning module TextureFormatASTC (49)
[2016.12.07-03.49.19:643][629]LogModuleManager: Shutting down and abandoning module TextureFormatAndroid (48)
[2016.12.07-03.49.19:643][629]LogModuleManager: Shutting down and abandoning module AudioFormatOpus (47)
[2016.12.07-03.49.19:643][629]LogModuleManager: Shutting down and abandoning module AudioFormatOgg (46)
[2016.12.07-03.49.19:643][629]LogModuleManager: Shutting down and abandoning module AudioFormatADPCM (45)
[2016.12.07-03.49.19:643][629]LogModuleManager: Shutting down and abandoning module LinuxTargetPlatform (44)
[2016.12.07-03.49.19:643][629]LogModuleManager: Shutting down and abandoning module LinuxServerTargetPlatform (43)
[2016.12.07-03.49.19:643][629]LogModuleManager: Shutting down and abandoning module LinuxNoEditorTargetPlatform (42)
[2016.12.07-03.49.19:643][629]LogModuleManager: Shutting down and abandoning module TVOSTargetPlatform (41)
[2016.12.07-03.49.19:643][629]LogModuleManager: Shutting down and abandoning module Messaging (40)
[2016.12.07-03.49.19:643][629]LogModuleManager: Shutting down and abandoning module IOSTargetPlatform (39)
[2016.12.07-03.49.19:643][629]LogModuleManager: Shutting down and abandoning module HTML5TargetPlatform (38)
[2016.12.07-03.49.19:643][629]LogModuleManager: Shutting down and abandoning module Android_PVRTCTargetPlatform (37)
[2016.12.07-03.49.19:644][629]LogModuleManager: Shutting down and abandoning module Android_MultiTargetPlatform (36)
[2016.12.07-03.49.19:644][629]LogModuleManager: Shutting down and abandoning module Android_ETC2TargetPlatform (35)
[2016.12.07-03.49.19:644][629]LogModuleManager: Shutting down and abandoning module Android_ETC1TargetPlatform (34)
[2016.12.07-03.49.19:644][629]LogModuleManager: Shutting down and abandoning module Android_DXTTargetPlatform (33)
[2016.12.07-03.49.19:644][629]LogModuleManager: Shutting down and abandoning module Android_ATCTargetPlatform (32)
[2016.12.07-03.49.19:644][629]LogModuleManager: Shutting down and abandoning module Android_ASTCTargetPlatform (31)
[2016.12.07-03.49.19:644][629]LogModuleManager: Shutting down and abandoning module AndroidTargetPlatform (30)
[2016.12.07-03.49.19:644][629]LogModuleManager: Shutting down and abandoning module WindowsTargetPlatform (29)
[2016.12.07-03.49.19:644][629]LogModuleManager: Shutting down and abandoning module WindowsServerTargetPlatform (28)
[2016.12.07-03.49.19:644][629]LogModuleManager: Shutting down and abandoning module WindowsNoEditorTargetPlatform (27)
[2016.12.07-03.49.19:644][629]LogModuleManager: Shutting down and abandoning module WindowsClientTargetPlatform (26)
[2016.12.07-03.49.19:644][629]LogModuleManager: Shutting down and abandoning module AllDesktopTargetPlatform (25)
[2016.12.07-03.49.19:644][629]LogModuleManager: Shutting down and abandoning module TargetPlatform (24)
[2016.12.07-03.49.19:644][629]LogModuleManager: Shutting down and abandoning module InputCore (23)
[2016.12.07-03.49.19:644][629]LogModuleManager: Shutting down and abandoning module Settings (22)
[2016.12.07-03.49.19:644][629]LogModuleManager: Shutting down and abandoning module OnlineSubsystem (20)
[2016.12.07-03.49.19:644][629]LogModuleManager: Shutting down and abandoning module HTTP (19)
[2016.12.07-03.49.24:153][629]LogModuleManager: Shutting down and abandoning module XMPP (18)
[2016.12.07-03.49.24:153][629]LogModuleManager: Shutting down and abandoning module OculusRift (17)
[2016.12.07-03.49.24:154][629]LogHMD: Oculus shutdown.
[2016.12.07-03.49.24:154][629]LogModuleManager: Shutting down and abandoning module LeapMotion (16)
[2016.12.07-03.49.24:154][629]LogModuleManager: Shutting down and abandoning module ExampleDeviceProfileSelector (15)
[2016.12.07-03.49.24:154][629]LogModuleManager: Shutting down and abandoning module TextureCompressor (14)
[2016.12.07-03.49.24:154][629]LogModuleManager: Shutting down and abandoning module ShaderCore (13)
[2016.12.07-03.49.24:154][629]LogModuleManager: Shutting down and abandoning module Landscape (12)
[2016.12.07-03.49.24:154][629]LogModuleManager: Shutting down and abandoning module SlateRHIRenderer (11)
[2016.12.07-03.49.24:155][629]LogModuleManager: Shutting down and abandoning module OpenGLDrv (10)
[2016.12.07-03.49.24:155][629]LogModuleManager: Shutting down and abandoning module D3D11RHI (9)
[2016.12.07-03.49.24:155][629]LogModuleManager: Shutting down and abandoning module AnimGraphRuntime (8)
[2016.12.07-03.49.24:155][629]LogModuleManager: Shutting down and abandoning module Renderer (7)
[2016.12.07-03.49.24:155][629]LogModuleManager: Shutting down and abandoning module Engine (6)
[2016.12.07-03.49.24:155][629]LogModuleManager: Shutting down and abandoning module CoreUObject (5)
[2016.12.07-03.49.24:155][629]LogModuleManager: Shutting down and abandoning module NetworkFile (4)
[2016.12.07-03.49.24:155][629]LogModuleManager: Shutting down and abandoning module StreamingFile (3)
[2016.12.07-03.49.24:155][629]LogModuleManager: Shutting down and abandoning module SandboxFile (2)
[2016.12.07-03.49.24:155][629]LogModuleManager: Shutting down and abandoning module PakFile (1)
[2016.12.07-03.49.24:157][629]LogExit: Exiting.
[2016.12.07-03.49.24:159][629]Log file closed, 12/06/16 22:49:24
