Log file open, 12/06/16 10:54:06
LogInit:Display: Running engine for game: SpellWars
LogPlatformFile: Not using cached read wrapper
LogInit:Display: RandInit(222899255) SRandInit(222899256).
LogTaskGraph: Started task graph with 4 named threads and 7 total threads with 1 sets of task threads.
LogStats: Stats thread started at 0.073903
LeapPluginLog: Using LeapPlugin version 2.0.0
OCULUS: Info: [CAPI] LibOVR module is located at C:\Program Files\Oculus\Support\oculus-runtime\LibOVRRT64_1.dll
OCULUS: Debug: Connected to the server running version (prod = 1).1.7.0(build = 270909) feature version = 0. Client runs version (prod = 1).1.7.0(build = 270909) feature version = 0
OCULUS: Debug: Failed to open file: C:\Users\keeh\AppData\Local\Oculus/ProfileDB.json
OCULUS: Debug: Failed to open file: C:\Users\keeh\AppData\Local\Oculus/Profiles.json
OCULUS: Debug: Failed to open file: C:\Users\keeh\AppData\Local\Oculus/ProfileDB.json
OCULUS: Debug: Failed to open file: C:\Users\keeh\AppData\Local\Oculus/Profiles.json
OCULUS: Debug: [HMDState] Using default profile default
OCULUS: Info: IAD changed to 63.5mm
OCULUS: Debug: [SharedMemory] Creating factory
LogInit: Version: 4.12.5-3039270+++UE4+Release-4.12
LogInit: API Version: 2992821
LogInit: Net Version: 3039270
LogDevObjectVersion: Number of dev versions registered: 13
LogDevObjectVersion:   Dev-Blueprints (B0D832E4-1F89-4F0D-ACCF-7EB736FD4AA2): 3
LogDevObjectVersion:   Dev-Build (E1C64328-A22C-4D53-A36C-8E866417BD8C): 0
LogDevObjectVersion:   Dev-Core (375EC13C-06E4-48FB-B500-84F0262A717E): 1
LogDevObjectVersion:   Dev-Editor (E4B068ED-F494-42E9-A231-DA0B2E46BB41): 2
LogDevObjectVersion:   Dev-Framework (CFFC743F-43B0-4480-9391-14DF171D2073): 6
LogDevObjectVersion:   Dev-Mobile (B02B49B5-BB20-44E9-A304-32B752E40360): 0
LogDevObjectVersion:   Dev-Networking (A4E4105C-59A1-49B5-A7C5-40C4547EDFEE): 0
LogDevObjectVersion:   Dev-Online (39C831C9-5AE6-47DC-9A44-9C173E1C8E7C): 0
LogDevObjectVersion:   Dev-Physics (78F01B33-EBEA-4F98-B9B4-84EACCB95AA2): 0
LogDevObjectVersion:   Dev-Platform (6631380F-2D4D-43E0-8009-CF276956A95A): 0
LogDevObjectVersion:   Dev-Rendering (12F88B9F-8875-4AFC-A67C-D90C383ABD29): 2
LogDevObjectVersion:   Dev-Sequencer (7B5AE74C-D270-4C10-A958-57980B212A5A): 0
LogDevObjectVersion:   Dev-VR (D7296918-1DD6-4BDD-9DE2-64A83CC13884): 0
LogInit: Compiled (64-bit): Jul  6 2016 09:09:46
LogInit: Compiled with Visual C++: 19.00.23026.00
LogInit: Build Configuration: Development
LogInit: Branch Name: ++UE4+Release-4.12
LogInit: Command line:  
LogInit: Base directory: C:/Program Files (x86)/Epic Games/4.12/Engine/Binaries/Win64/
LogInit: Installed Engine Build: 1
LogFileManager:Warning: Error deleting file: H:/SpellWars/Saved/Logs/SpellWars.log (Error Code 32)
LogInit: Using libcurl 7.41.0
LogInit:  - built for x86_64-pc-win32
LogInit:  - supports SSL with WinSSL
LogInit:  - other features:
LogInit:      CURL_VERSION_SSL
LogInit:      CURL_VERSION_IPV6
LogInit:      CURL_VERSION_ASYNCHDNS
LogInit:      CURL_VERSION_LARGEFILE
LogInit:      CURL_VERSION_IDN
LogInit:  CurlRequestOptions (configurable via config and command line):
LogInit:  - bVerifyPeer = true  - Libcurl will verify peer certificate
LogInit:  - bUseHttpProxy = false  - Libcurl will NOT use HTTP proxy
LogInit:  - bDontReuseConnections = false  - Libcurl will reuse connections
LogInit:  - CertBundlePath = nullptr  - Libcurl will use whatever was configured at build time.
LogInit: Presizing for max 8388607 objects, including 0 objects not considered by GC, pre-allocating 0 bytes for permanent pool.
LogInit: Object subsystem initialized
[2016.12.06-15.54.06:494][  0]LogInit: Selected Device Profile: [Windows]
[2016.12.06-15.54.06:494][  0]LogInit: Applying CVar settings loaded from the selected device profile: [Windows]
[2016.12.06-15.54.06:518][  0]LogInit: Computer: 1398-P1C8-1368
[2016.12.06-15.54.06:518][  0]LogInit: User: keeh
[2016.12.06-15.54.06:518][  0]LogInit: CPU Page size=65536, Cores=4
[2016.12.06-15.54.06:518][  0]LogInit: High frequency timer resolution =2.728076 MHz
[2016.12.06-15.54.06:518][  0]LogMemory: Memory total: Physical=15.9GB (16GB approx)
[2016.12.06-15.54.06:518][  0]LogMemory: Platform Memory Stats for Windows
[2016.12.06-15.54.06:518][  0]LogMemory: Process Physical Memory: 197.63 MB used, 197.63 MB peak
[2016.12.06-15.54.06:518][  0]LogMemory: Process Virtual Memory: 199.98 MB used, 199.98 MB peak
[2016.12.06-15.54.06:518][  0]LogMemory: Physical Memory: 5892.90 MB used, 16308.40 MB total
[2016.12.06-15.54.06:518][  0]LogMemory: Virtual Memory: 616.39 MB used, 8388608.00 MB total
[2016.12.06-15.54.06:555][  0]LogTextLocalizationManager: No specific translations for ('en-US') exist, so ('en') translations will be used.
[2016.12.06-15.54.07:009][  0]LogD3D11RHI: D3D11 adapters:
[2016.12.06-15.54.07:031][  0]LogD3D11RHI:    0. 'NVIDIA GeForce GTX 970' (Feature Level 11_0)
[2016.12.06-15.54.07:031][  0]LogD3D11RHI:       4007/0/7898 MB DedicatedVideo/DedicatedSystem/SharedSystem, Outputs:1, VendorId:0x10de
[2016.12.06-15.54.07:031][  0]LogD3D11RHI: Chosen D3D11 Adapter: 0
[2016.12.06-15.54.07:040][  0]LogD3D11RHI: Creating new Direct3DDevice
[2016.12.06-15.54.07:040][  0]LogD3D11RHI:     GPU DeviceId: 0x13c2 (for the marketing name, search the web for "GPU Device Id")
[2016.12.06-15.54.07:040][  0]LogWindows: EnumDisplayDevices:
[2016.12.06-15.54.07:040][  0]LogWindows:    0. 'NVIDIA GeForce GTX 970' (P:1 D:1)
[2016.12.06-15.54.07:041][  0]LogWindows:    1. 'NVIDIA GeForce GTX 970' (P:0 D:0)
[2016.12.06-15.54.07:042][  0]LogWindows:    2. 'NVIDIA GeForce GTX 970' (P:0 D:0)
[2016.12.06-15.54.07:042][  0]LogWindows:    3. 'NVIDIA GeForce GTX 970' (P:0 D:0)
[2016.12.06-15.54.07:043][  0]LogWindows:    4. 'RDPDD Chained DD' (P:0 D:0)
[2016.12.06-15.54.07:043][  0]LogWindows:    5. 'RDP Encoder Mirror Driver' (P:0 D:0)
[2016.12.06-15.54.07:044][  0]LogWindows:    6. 'RDP Reflector Display Driver' (P:0 D:0)
[2016.12.06-15.54.07:045][  0]LogWindows: DebugString: GetVideoDriverDetailsInvalid PrimaryIsNotTheChoosenAdapter GetVideoDriverDetailsInvalid PrimaryIsNotTheChoosenAdapter GetVideoDriverDetailsInvalid PrimaryIsNotTheChoosenAdapter FoundDriverCount:4 
[2016.12.06-15.54.07:045][  0]LogD3D11RHI:     Adapter Name: NVIDIA GeForce GTX 970
[2016.12.06-15.54.07:045][  0]LogD3D11RHI:   Driver Version: 372.54 (internal:21.21.13.7254, unified:372.54)
[2016.12.06-15.54.07:045][  0]LogD3D11RHI:      Driver Date: 8-11-2016
[2016.12.06-15.54.07:045][  0]LogRHI: Texture pool is 1361 MB (70% of 1945 MB)
[2016.12.06-15.54.07:055][  0]LogD3D11RHI: Async texture creation enabled
[2016.12.06-15.54.07:071][  0]LogD3D11RHI: GPU Timing Frequency: 1000.000000 (Debug: 2 2)
[2016.12.06-15.54.07:071][  0]LogShaderCompilers: Guid format shader working directory is 33 characters bigger than the processId version (H:/SpellWars/Intermediate/Shaders/WorkingDirectory/6740/).
[2016.12.06-15.54.07:071][  0]LogShaderCompilers: Cleaned the shader compiler working directory 'C:/Users/keeh/AppData/Local/Temp/UnrealShaderWorkingDir/2082357C4D6F7CD330B18EB8C36A7CA3/'.
[2016.12.06-15.54.07:071][  0]LogShaderCompilers:Display: Using Local Shader Compiler.
[2016.12.06-15.54.08:144][  0]LogTemp:Display: Loaded TP AllDesktopTargetPlatform
[2016.12.06-15.54.08:154][  0]LogTemp:Display: Loaded TP WindowsClientTargetPlatform
[2016.12.06-15.54.08:165][  0]LogTemp:Display: Loaded TP WindowsNoEditorTargetPlatform
[2016.12.06-15.54.08:176][  0]LogTemp:Display: Loaded TP WindowsServerTargetPlatform
[2016.12.06-15.54.08:186][  0]LogTemp:Display: Loaded TP WindowsTargetPlatform
[2016.12.06-15.54.08:195][  0]LogTemp:Display: Loaded TP AndroidTargetPlatform
[2016.12.06-15.54.08:205][  0]LogTemp:Display: Loaded TP Android_ASTCTargetPlatform
[2016.12.06-15.54.08:214][  0]LogTemp:Display: Loaded TP Android_ATCTargetPlatform
[2016.12.06-15.54.08:224][  0]LogTemp:Display: Loaded TP Android_DXTTargetPlatform
[2016.12.06-15.54.08:233][  0]LogTemp:Display: Loaded TP Android_ETC1TargetPlatform
[2016.12.06-15.54.08:244][  0]LogTemp:Display: Loaded TP Android_ETC2TargetPlatform
[2016.12.06-15.54.08:265][  0]LogTemp:Display: Loaded TP Android_MultiTargetPlatform
[2016.12.06-15.54.08:265][  0]LogTemp:Display: Loaded TP Android_PVRTCTargetPlatform
[2016.12.06-15.54.08:266][  0]LogTemp:Display: Loaded TP HTML5TargetPlatform
[2016.12.06-15.54.08:288][  0]LogTemp:Display: Loaded TP IOSTargetPlatform
[2016.12.06-15.54.08:298][  0]LogTemp:Display: Loaded TP TVOSTargetPlatform
[2016.12.06-15.54.08:308][  0]LogTemp:Display: Loaded TP LinuxNoEditorTargetPlatform
[2016.12.06-15.54.08:317][  0]LogTemp:Display: Loaded TP LinuxServerTargetPlatform
[2016.12.06-15.54.08:327][  0]LogTemp:Display: Loaded TP LinuxTargetPlatform
[2016.12.06-15.54.08:327][  0]LogTargetPlatformManager:Display: Building Assets For Windows
[2016.12.06-15.54.08:396][  0]LogDerivedDataCache:Display: Max Cache Size: 512 MB
[2016.12.06-15.54.08:452][  0]LogDerivedDataCache: Loaded boot cache 0.06s 48MB C:/Users/keeh/AppData/Local/UnrealEngine/4.12/DerivedDataCache/Boot.ddc.
[2016.12.06-15.54.08:452][  0]LogDerivedDataCache:Display: Loaded Boot cache: C:/Users/keeh/AppData/Local/UnrealEngine/4.12/DerivedDataCache/Boot.ddc
[2016.12.06-15.54.08:453][  0]LogDerivedDataCache: FDerivedDataBackendGraph:  Pak pak cache file H:/SpellWars/DerivedDataCache/DDC.ddp not found, will not use a pak cache.
[2016.12.06-15.54.08:453][  0]LogDerivedDataCache: Unable to find inner node Pak for hierarchical cache Hierarchy.
[2016.12.06-15.54.08:453][  0]LogDerivedDataCache: FDerivedDataBackendGraph:  CompressedPak pak cache file H:/SpellWars/DerivedDataCache/Compressed.ddp not found, will not use a pak cache.
[2016.12.06-15.54.08:453][  0]LogDerivedDataCache: Unable to find inner node CompressedPak for hierarchical cache Hierarchy.
[2016.12.06-15.54.08:471][  0]LogDerivedDataCache:Display: Pak cache opened for reading ../../../Engine/DerivedDataCache/Compressed.ddp.
[2016.12.06-15.54.08:482][  0]LogDerivedDataCache: Using Local data cache path C:/Users/keeh/AppData/Local/UnrealEngine/Common/DerivedDataCache: Writable
[2016.12.06-15.54.08:678][  0]LogInit: Selected Device Profile: [Windows]
[2016.12.06-15.54.08:679][  0]LogContentStreaming: Texture pool size is 0.00 MB
[2016.12.06-15.54.08:870][  0]LogMeshUtilities: No automatic mesh reduction module available
[2016.12.06-15.54.08:870][  0]LogMeshUtilities: No automatic mesh merging module available
[2016.12.06-15.54.08:870][  0]LogMeshUtilities: No distributed automatic mesh merging module available
[2016.12.06-15.54.08:895][  0]ImportText (StagingDirectory): Missing closing parenthesis: (Path=
[2016.12.06-15.54.08:895][  0]LogObj:Error: LoadConfig (/Script/UnrealEd.Default__ProjectPackagingSettings): import failed for StagingDirectory in: (Path=
[2016.12.06-15.54.09:122][  0]LogAssetRegistry: FAssetRegistry took 0.0198 seconds to start up
[2016.12.06-15.54.09:364][  0]LogPackageLocalizationCache: Processed 4 localized package path(s) for 2 prioritized culture(s) in 0.238740 seconds
[2016.12.06-15.54.09:369][  0]LogUObjectArray: 29424 objects as part of root set at end of initial load.
[2016.12.06-15.54.09:369][  0]LogUObjectAllocator: 5972744 out of 0 bytes used by permanent object pool.
[2016.12.06-15.54.09:369][  0]LogUObjectArray: CloseDisregardForGC: 0/0 objects in disregard for GC pool
[2016.12.06-15.54.09:375][  0]LogInit: WinSock: version 1.1 (2.2), MaxSocks=32767, MaxUdp=65467
[2016.12.06-15.54.09:564][  0]LogSlate: SlateFontCache - WITH_FREETYPE: 1, WITH_HARFBUZZ: 1
[2016.12.06-15.54.09:564][  0]LogSlate: SlateFontCache - WITH_FREETYPE: 1, WITH_HARFBUZZ: 1
[2016.12.06-15.54.10:297][  0]LogUdpMessaging: Initializing bridge on interface 0.0.0.0:0 to multicast group 230.0.0.1:6666.
[2016.12.06-15.54.10:297][  0]LogDirectoryWatcher: A directory notification failed for 'H:/SpellWars/Content/' because it was aborted or there was a buffer overflow.
[2016.12.06-15.54.10:566][  0]SourceControl: Info Source control is disabled
[2016.12.06-15.54.10:595][  0]SourceControl: Info Source control is disabled
[2016.12.06-15.54.10:601][  0]SourceControl: Info Source control is disabled
[2016.12.06-15.54.10:607][  0]SourceControl: Info Source control is disabled
[2016.12.06-15.54.10:728][  0]LogDirectoryWatcher: A directory notification failed for 'H:/SpellWars/Content/' because it was aborted or there was a buffer overflow.
[2016.12.06-15.54.10:789][  0]LogEngine: Initializing Engine...
[2016.12.06-15.54.10:790][  0]LogHMD: SteamVR failed to initialize.  Err: 110
[2016.12.06-15.54.10:791][  0]LogHMD: SteamVR failed to initialize.  Err: 110
[2016.12.06-15.54.10:791][  0]LogHMD: Oculus plugin initialized. Version: 4.12.5-3039270+++UE4+Release-4.12, LibOVR: 1.7.0, SDK: 1.3.2, built Jul  6 2016, 09:11:15
[2016.12.06-15.54.10:956][  0]OCULUS: Debug: Failed to open file: C:\Users\keeh\AppData\Local\Oculus/ProfileDB.json
[2016.12.06-15.54.10:956][  0]OCULUS: Debug: Failed to open file: C:\Users\keeh\AppData\Local\Oculus/Profiles.json
[2016.12.06-15.54.10:956][  0]OCULUS: Debug: Failed to open file: C:\Users\keeh\AppData\Local\Oculus/ProfileDB.json
[2016.12.06-15.54.10:956][  0]OCULUS: Debug: Failed to open file: C:\Users\keeh\AppData\Local\Oculus/Profiles.json
[2016.12.06-15.54.10:956][  0]OCULUS: Debug: [HMDState] Using default profile default
[2016.12.06-15.54.10:956][  0]OCULUS: Info: IAD changed to 63.5mm
[2016.12.06-15.54.10:966][  0]LogAIModule: Creating AISystem for world NewWorld
[2016.12.06-15.54.10:970][  0]LogInit: XAudio2 using 'Speakers / Headphones (Realtek High Definition Audio)' : 2 channels at 48 kHz using 32 bits per sample (channel mask 0x3)
[2016.12.06-15.54.10:985][  0]LogInit: FAudioDevice initialized.
[2016.12.06-15.54.11:012][  0]LogDerivedDataCache: Saved boot cache 0.03s 48MB C:/Users/keeh/AppData/Local/UnrealEngine/4.12/DerivedDataCache/Boot.ddc.
[2016.12.06-15.54.11:021][  0]LogInit: Texture streaming: Enabled
[2016.12.06-15.54.11:053][  0]LogInit: Transaction tracking system initialized
[2016.12.06-15.54.11:075][  0]BlueprintLog: New page: Editor Load
[2016.12.06-15.54.11:156][  0]LocalizationService: Info Localization service is disabled
[2016.12.06-15.54.11:208][  0]LogConsoleResponse:Display: 
[2016.12.06-15.54.11:315][  0]LogCook:Display: Max memory allowance for cook 8192mb
[2016.12.06-15.54.11:315][  0]LogCook:Display: Mobile HDR setting 1
[2016.12.06-15.54.11:402][  0]SourceControl: Info Source control is disabled
[2016.12.06-15.54.11:402][  0]Cmd: MAP LOAD FILE="H:/SpellWars/Content/Lessons/Physics/HW5.umap" TEMPLATE=0 SHOWPROGRESS=1 FEATURELEVEL=3
[2016.12.06-15.54.11:411][  0]LightingResults: New page: Lighting Build
[2016.12.06-15.54.11:414][  0]MapCheck: New page: Map Check
[2016.12.06-15.54.11:414][  0]LightingResults: New page: Lighting Build
[2016.12.06-15.54.11:726][  0]LogFileCache: Scanning file cache for directory 'H:/SpellWars/Content/' took 0.19s
[2016.12.06-15.54.12:039][  0]LogBlueprint:Warning: Node '/Game/MixamoAnimPack/Mixamo_Kachujin/Anims/MixamoAnimBP_Kachujin.MixamoAnimBP_Kachujin:EdGraph_0.K2Node_CommutativeAssociativeBinaryOperator_2253' missing NodeGuid because of upgrade from old package version, this can cause deterministic cooking issues please resave package.
[2016.12.06-15.54.12:040][  0]LogBlueprint:Warning: Node '/Game/MixamoAnimPack/Mixamo_Kachujin/Anims/MixamoAnimBP_Kachujin.MixamoAnimBP_Kachujin:EdGraph_0.K2Node_CallFunction_102548' missing NodeGuid because of upgrade from old package version, this can cause deterministic cooking issues please resave package.
[2016.12.06-15.54.12:040][  0]LogBlueprint:Warning: Node '/Game/MixamoAnimPack/Mixamo_Kachujin/Anims/MixamoAnimBP_Kachujin.MixamoAnimBP_Kachujin:EdGraph_0.K2Node_VariableGet_2488' missing NodeGuid because of upgrade from old package version, this can cause deterministic cooking issues please resave package.
[2016.12.06-15.54.12:040][  0]LogBlueprint:Warning: Node '/Game/MixamoAnimPack/Mixamo_Kachujin/Anims/MixamoAnimBP_Kachujin.MixamoAnimBP_Kachujin:EdGraph_0.K2Node_FunctionResult_0' missing NodeGuid because of upgrade from old package version, this can cause deterministic cooking issues please resave package.
[2016.12.06-15.54.12:040][  0]LogBlueprint:Warning: Node '/Game/MixamoAnimPack/Mixamo_Kachujin/Anims/MixamoAnimBP_Kachujin.MixamoAnimBP_Kachujin:EdGraph_0.K2Node_FunctionEntry_139' missing NodeGuid because of upgrade from old package version, this can cause deterministic cooking issues please resave package.
[2016.12.06-15.54.12:059][  0]LogBlueprint:Warning: Node '/Game/MixamoAnimPack/Mixamo_Kachujin/Anims/MixamoAnimBP_Kachujin.MixamoAnimBP_Kachujin:EdGraph_1.K2Node_CommutativeAssociativeBinaryOperator_2253' missing NodeGuid because of upgrade from old package version, this can cause deterministic cooking issues please resave package.
[2016.12.06-15.54.12:059][  0]LogBlueprint:Warning: Node '/Game/MixamoAnimPack/Mixamo_Kachujin/Anims/MixamoAnimBP_Kachujin.MixamoAnimBP_Kachujin:EdGraph_1.K2Node_CallFunction_102548' missing NodeGuid because of upgrade from old package version, this can cause deterministic cooking issues please resave package.
[2016.12.06-15.54.12:059][  0]LogBlueprint:Warning: Node '/Game/MixamoAnimPack/Mixamo_Kachujin/Anims/MixamoAnimBP_Kachujin.MixamoAnimBP_Kachujin:EdGraph_1.K2Node_VariableGet_2488' missing NodeGuid because of upgrade from old package version, this can cause deterministic cooking issues please resave package.
[2016.12.06-15.54.12:059][  0]LogBlueprint:Warning: Node '/Game/MixamoAnimPack/Mixamo_Kachujin/Anims/MixamoAnimBP_Kachujin.MixamoAnimBP_Kachujin:EdGraph_1.K2Node_FunctionResult_0' missing NodeGuid because of upgrade from old package version, this can cause deterministic cooking issues please resave package.
[2016.12.06-15.54.12:059][  0]LogBlueprint:Warning: Node '/Game/MixamoAnimPack/Mixamo_Kachujin/Anims/MixamoAnimBP_Kachujin.MixamoAnimBP_Kachujin:EdGraph_1.K2Node_FunctionEntry_139' missing NodeGuid because of upgrade from old package version, this can cause deterministic cooking issues please resave package.
[2016.12.06-15.54.12:077][  0]LogBlueprint:Warning: Node '/Game/MixamoAnimPack/Mixamo_Kachujin/Anims/MixamoAnimBP_Kachujin.MixamoAnimBP_Kachujin:EdGraph_2.K2Node_CommutativeAssociativeBinaryOperator_2253' missing NodeGuid because of upgrade from old package version, this can cause deterministic cooking issues please resave package.
[2016.12.06-15.54.12:077][  0]LogBlueprint:Warning: Node '/Game/MixamoAnimPack/Mixamo_Kachujin/Anims/MixamoAnimBP_Kachujin.MixamoAnimBP_Kachujin:EdGraph_2.K2Node_CallFunction_102548' missing NodeGuid because of upgrade from old package version, this can cause deterministic cooking issues please resave package.
[2016.12.06-15.54.12:077][  0]LogBlueprint:Warning: Node '/Game/MixamoAnimPack/Mixamo_Kachujin/Anims/MixamoAnimBP_Kachujin.MixamoAnimBP_Kachujin:EdGraph_2.K2Node_VariableGet_2488' missing NodeGuid because of upgrade from old package version, this can cause deterministic cooking issues please resave package.
[2016.12.06-15.54.12:077][  0]LogBlueprint:Warning: Node '/Game/MixamoAnimPack/Mixamo_Kachujin/Anims/MixamoAnimBP_Kachujin.MixamoAnimBP_Kachujin:EdGraph_2.K2Node_FunctionResult_0' missing NodeGuid because of upgrade from old package version, this can cause deterministic cooking issues please resave package.
[2016.12.06-15.54.12:077][  0]LogBlueprint:Warning: Node '/Game/MixamoAnimPack/Mixamo_Kachujin/Anims/MixamoAnimBP_Kachujin.MixamoAnimBP_Kachujin:EdGraph_2.K2Node_FunctionEntry_139' missing NodeGuid because of upgrade from old package version, this can cause deterministic cooking issues please resave package.
[2016.12.06-15.54.15:395][  0]LogPackageName:Warning: String asset reference "FX_Meshes.UI.SM_SelectionMesh_01" is in short form, which is unsupported and -- even if valid -- resolving it will be really slow. Please consider resaving package in order to speed-up loading.
[2016.12.06-15.54.15:586][  0]LogPackageName: SearchForPackageOnDisk took   0.191s, but failed to resolve FX_Meshes.
[2016.12.06-15.54.15:586][  0]LogPackageName:Warning: String asset reference "FX_Meshes.UI.SM_SelectionMesh_01" could not be resolved.
[2016.12.06-15.54.15:620][  0]LogBlueprint:Warning: Node '/Game/MixamoAnimPack/Mixamo_Kachujin/Anims/MixamoAnimBP_Kachujin.MixamoAnimBP_Kachujin:AnimGraph.AnimGraphNode_StateMachine_6.Default.AnimStateNode_1.Locomotion/Idle.AnimGraphNode_BlendSpacePlayer_9' missing NodeGuid because of upgrade from old package version, this can cause deterministic cooking issues please resave package.
[2016.12.06-15.54.15:620][  0]LogBlueprint:Warning: Node '/Game/MixamoAnimPack/Mixamo_Kachujin/Anims/MixamoAnimBP_Kachujin.MixamoAnimBP_Kachujin:AnimGraph.AnimGraphNode_Root_5' missing NodeGuid because of upgrade from old package version, this can cause deterministic cooking issues please resave package.
[2016.12.06-15.54.15:620][  0]LogBlueprint:Warning: Node '/Game/MixamoAnimPack/Mixamo_Kachujin/Anims/MixamoAnimBP_Kachujin.MixamoAnimBP_Kachujin:AnimGraph.AnimGraphNode_StateMachine_6.Default.AnimStateNode_2.Run Jump.AnimGraphNode_SequencePlayer_34' missing NodeGuid because of upgrade from old package version, this can cause deterministic cooking issues please resave package.
[2016.12.06-15.54.15:620][  0]LogBlueprint:Warning: Node '/Game/MixamoAnimPack/Mixamo_Kachujin/Anims/MixamoAnimBP_Kachujin.MixamoAnimBP_Kachujin:AnimGraph.AnimGraphNode_StateMachine_6.Default.AnimStateNode_3.Jump.AnimGraphNode_SequencePlayer_483' missing NodeGuid because of upgrade from old package version, this can cause deterministic cooking issues please resave package.
[2016.12.06-15.54.15:620][  0]LogBlueprint:Warning: Node '/Game/MixamoAnimPack/Mixamo_Kachujin/Anims/MixamoAnimBP_Kachujin.MixamoAnimBP_Kachujin:AnimGraph.AnimGraphNode_StateMachine_6.Default.AnimStateNode_7.attacking.AnimGraphNode_SequencePlayer_153' missing NodeGuid because of upgrade from old package version, this can cause deterministic cooking issues please resave package.
[2016.12.06-15.54.15:620][  0]LogBlueprint:Warning: Node '/Game/MixamoAnimPack/Mixamo_Kachujin/Anims/MixamoAnimBP_Kachujin.MixamoAnimBP_Kachujin:AnimGraph.AnimGraphNode_StateMachine_6' missing NodeGuid because of upgrade from old package version, this can cause deterministic cooking issues please resave package.
[2016.12.06-15.54.15:620][  0]LogBlueprint:Warning: Node '/Game/MixamoAnimPack/Mixamo_Kachujin/Anims/MixamoAnimBP_Kachujin.MixamoAnimBP_Kachujin:AnimGraph.AnimGraphNode_StateMachine_6.Default.AnimStateNode_1.Locomotion/Idle.AnimGraphNode_StateResult_20' missing NodeGuid because of upgrade from old package version, this can cause deterministic cooking issues please resave package.
[2016.12.06-15.54.15:620][  0]LogBlueprint:Warning: Node '/Game/MixamoAnimPack/Mixamo_Kachujin/Anims/MixamoAnimBP_Kachujin.MixamoAnimBP_Kachujin:AnimGraph.AnimGraphNode_StateMachine_6.Default.AnimStateNode_2.Run Jump.AnimGraphNode_StateResult_15' missing NodeGuid because of upgrade from old package version, this can cause deterministic cooking issues please resave package.
[2016.12.06-15.54.15:620][  0]LogBlueprint:Warning: Node '/Game/MixamoAnimPack/Mixamo_Kachujin/Anims/MixamoAnimBP_Kachujin.MixamoAnimBP_Kachujin:AnimGraph.AnimGraphNode_StateMachine_6.Default.AnimStateNode_3.Jump.AnimGraphNode_StateResult_55' missing NodeGuid because of upgrade from old package version, this can cause deterministic cooking issues please resave package.
[2016.12.06-15.54.15:620][  0]LogBlueprint:Warning: Node '/Game/MixamoAnimPack/Mixamo_Kachujin/Anims/MixamoAnimBP_Kachujin.MixamoAnimBP_Kachujin:AnimGraph.AnimGraphNode_StateMachine_6.Default.AnimStateNode_7.attacking.AnimGraphNode_StateResult_188' missing NodeGuid because of upgrade from old package version, this can cause deterministic cooking issues please resave package.
[2016.12.06-15.54.15:620][  0]LogBlueprint:Warning: Node '/Game/MixamoAnimPack/Mixamo_Kachujin/Anims/MixamoAnimBP_Kachujin.MixamoAnimBP_Kachujin:AnimGraph.AnimGraphNode_StateMachine_6.Default.AnimStateTransitionNode_1.Transition.AnimGraphNode_TransitionResult_20' missing NodeGuid because of upgrade from old package version, this can cause deterministic cooking issues please resave package.
[2016.12.06-15.54.15:620][  0]LogBlueprint:Warning: Node '/Game/MixamoAnimPack/Mixamo_Kachujin/Anims/MixamoAnimBP_Kachujin.MixamoAnimBP_Kachujin:AnimGraph.AnimGraphNode_StateMachine_6.Default.AnimStateTransitionNode_12.Transition.AnimGraphNode_TransitionResult_467' missing NodeGuid because of upgrade from old package version, this can cause deterministic cooking issues please resave package.
[2016.12.06-15.54.15:620][  0]LogBlueprint:Warning: Node '/Game/MixamoAnimPack/Mixamo_Kachujin/Anims/MixamoAnimBP_Kachujin.MixamoAnimBP_Kachujin:AnimGraph.AnimGraphNode_StateMachine_6.Default.AnimStateTransitionNode_2.Transition.AnimGraphNode_TransitionResult_28' missing NodeGuid because of upgrade from old package version, this can cause deterministic cooking issues please resave package.
[2016.12.06-15.54.15:620][  0]LogBlueprint:Warning: Node '/Game/MixamoAnimPack/Mixamo_Kachujin/Anims/MixamoAnimBP_Kachujin.MixamoAnimBP_Kachujin:AnimGraph.AnimGraphNode_StateMachine_6.Default.AnimStateTransitionNode_5.Transition.AnimGraphNode_TransitionResult_142' missing NodeGuid because of upgrade from old package version, this can cause deterministic cooking issues please resave package.
[2016.12.06-15.54.15:620][  0]LogBlueprint:Warning: Node '/Game/MixamoAnimPack/Mixamo_Kachujin/Anims/MixamoAnimBP_Kachujin.MixamoAnimBP_Kachujin:AnimGraph.AnimGraphNode_StateMachine_6.Default.AnimStateTransitionNode_6.AnimationTransitionGraph_65.AnimGraphNode_TransitionResult_22' missing NodeGuid because of upgrade from old package version, this can cause deterministic cooking issues please resave package.
[2016.12.06-15.54.15:620][  0]LogBlueprint:Warning: Node '/Game/MixamoAnimPack/Mixamo_Kachujin/Anims/MixamoAnimBP_Kachujin.MixamoAnimBP_Kachujin:AnimGraph.AnimGraphNode_StateMachine_6.Default.AnimStateTransitionNode_7.Transition.AnimGraphNode_TransitionResult_148' missing NodeGuid because of upgrade from old package version, this can cause deterministic cooking issues please resave package.
[2016.12.06-15.54.15:620][  0]LogBlueprint:Warning: Node '/Game/MixamoAnimPack/Mixamo_Kachujin/Anims/MixamoAnimBP_Kachujin.MixamoAnimBP_Kachujin:AnimGraph.AnimGraphNode_StateMachine_6.Default.AnimStateTransitionNode_8.Transition.AnimGraphNode_TransitionResult_233' missing NodeGuid because of upgrade from old package version, this can cause deterministic cooking issues please resave package.
[2016.12.06-15.54.15:620][  0]LogBlueprint:Warning: Node '/Game/MixamoAnimPack/Mixamo_Kachujin/Anims/MixamoAnimBP_Kachujin.MixamoAnimBP_Kachujin:AnimGraph.AnimGraphNode_StateMachine_6.Default.AnimStateEntryNode_0' missing NodeGuid because of upgrade from old package version, this can cause deterministic cooking issues please resave package.
[2016.12.06-15.54.15:620][  0]LogBlueprint:Warning: Node '/Game/MixamoAnimPack/Mixamo_Kachujin/Anims/MixamoAnimBP_Kachujin.MixamoAnimBP_Kachujin:AnimGraph.AnimGraphNode_StateMachine_6.Default.AnimStateNode_1' missing NodeGuid because of upgrade from old package version, this can cause deterministic cooking issues please resave package.
[2016.12.06-15.54.15:620][  0]LogBlueprint:Warning: Node '/Game/MixamoAnimPack/Mixamo_Kachujin/Anims/MixamoAnimBP_Kachujin.MixamoAnimBP_Kachujin:AnimGraph.AnimGraphNode_StateMachine_6.Default.AnimStateNode_2' missing NodeGuid because of upgrade from old package version, this can cause deterministic cooking issues please resave package.
[2016.12.06-15.54.15:620][  0]LogBlueprint:Warning: Node '/Game/MixamoAnimPack/Mixamo_Kachujin/Anims/MixamoAnimBP_Kachujin.MixamoAnimBP_Kachujin:AnimGraph.AnimGraphNode_StateMachine_6.Default.AnimStateNode_3' missing NodeGuid because of upgrade from old package version, this can cause deterministic cooking issues please resave package.
[2016.12.06-15.54.15:620][  0]LogBlueprint:Warning: Node '/Game/MixamoAnimPack/Mixamo_Kachujin/Anims/MixamoAnimBP_Kachujin.MixamoAnimBP_Kachujin:AnimGraph.AnimGraphNode_StateMachine_6.Default.AnimStateNode_7' missing NodeGuid because of upgrade from old package version, this can cause deterministic cooking issues please resave package.
[2016.12.06-15.54.15:620][  0]LogBlueprint:Warning: Node '/Game/MixamoAnimPack/Mixamo_Kachujin/Anims/MixamoAnimBP_Kachujin.MixamoAnimBP_Kachujin:AnimGraph.AnimGraphNode_StateMachine_6.Default.AnimStateTransitionNode_1' missing NodeGuid because of upgrade from old package version, this can cause deterministic cooking issues please resave package.
[2016.12.06-15.54.15:620][  0]LogBlueprint:Warning: Node '/Game/MixamoAnimPack/Mixamo_Kachujin/Anims/MixamoAnimBP_Kachujin.MixamoAnimBP_Kachujin:AnimGraph.AnimGraphNode_StateMachine_6.Default.AnimStateTransitionNode_12' missing NodeGuid because of upgrade from old package version, this can cause deterministic cooking issues please resave package.
[2016.12.06-15.54.15:620][  0]LogBlueprint:Warning: Node '/Game/MixamoAnimPack/Mixamo_Kachujin/Anims/MixamoAnimBP_Kachujin.MixamoAnimBP_Kachujin:AnimGraph.AnimGraphNode_StateMachine_6.Default.AnimStateTransitionNode_2' missing NodeGuid because of upgrade from old package version, this can cause deterministic cooking issues please resave package.
[2016.12.06-15.54.15:620][  0]LogBlueprint:Warning: Node '/Game/MixamoAnimPack/Mixamo_Kachujin/Anims/MixamoAnimBP_Kachujin.MixamoAnimBP_Kachujin:AnimGraph.AnimGraphNode_StateMachine_6.Default.AnimStateTransitionNode_5' missing NodeGuid because of upgrade from old package version, this can cause deterministic cooking issues please resave package.
[2016.12.06-15.54.15:621][  0]LogBlueprint:Warning: Node '/Game/MixamoAnimPack/Mixamo_Kachujin/Anims/MixamoAnimBP_Kachujin.MixamoAnimBP_Kachujin:AnimGraph.AnimGraphNode_StateMachine_6.Default.AnimStateTransitionNode_6' missing NodeGuid because of upgrade from old package version, this can cause deterministic cooking issues please resave package.
[2016.12.06-15.54.15:621][  0]LogBlueprint:Warning: Node '/Game/MixamoAnimPack/Mixamo_Kachujin/Anims/MixamoAnimBP_Kachujin.MixamoAnimBP_Kachujin:AnimGraph.AnimGraphNode_StateMachine_6.Default.AnimStateTransitionNode_7' missing NodeGuid because of upgrade from old package version, this can cause deterministic cooking issues please resave package.
[2016.12.06-15.54.15:621][  0]LogBlueprint:Warning: Node '/Game/MixamoAnimPack/Mixamo_Kachujin/Anims/MixamoAnimBP_Kachujin.MixamoAnimBP_Kachujin:AnimGraph.AnimGraphNode_StateMachine_6.Default.AnimStateTransitionNode_8' missing NodeGuid because of upgrade from old package version, this can cause deterministic cooking issues please resave package.
[2016.12.06-15.54.15:621][  0]LogBlueprint:Warning: Node '/Game/MixamoAnimPack/Mixamo_Kachujin/Anims/MixamoAnimBP_Kachujin.MixamoAnimBP_Kachujin:EventGraph.EdGraphNode_Comment_19' missing NodeGuid because of upgrade from old package version, this can cause deterministic cooking issues please resave package.
[2016.12.06-15.54.15:621][  0]LogBlueprint:Warning: Node '/Game/MixamoAnimPack/Mixamo_Kachujin/Anims/MixamoAnimBP_Kachujin.MixamoAnimBP_Kachujin:EventGraph.EdGraphNode_Comment_22' missing NodeGuid because of upgrade from old package version, this can cause deterministic cooking issues please resave package.
[2016.12.06-15.54.15:621][  0]LogBlueprint:Warning: Node '/Game/MixamoAnimPack/Mixamo_Kachujin/Anims/MixamoAnimBP_Kachujin.MixamoAnimBP_Kachujin:EventGraph.EdGraphNode_Comment_26' missing NodeGuid because of upgrade from old package version, this can cause deterministic cooking issues please resave package.
[2016.12.06-15.54.15:621][  0]LogBlueprint:Warning: Node '/Game/MixamoAnimPack/Mixamo_Kachujin/Anims/MixamoAnimBP_Kachujin.MixamoAnimBP_Kachujin:AnimGraph.AnimGraphNode_StateMachine_6.Default.AnimStateTransitionNode_12.Transition.K2Node_CallFunction_91451' missing NodeGuid because of upgrade from old package version, this can cause deterministic cooking issues please resave package.
[2016.12.06-15.54.15:621][  0]LogBlueprint:Warning: Node '/Game/MixamoAnimPack/Mixamo_Kachujin/Anims/MixamoAnimBP_Kachujin.MixamoAnimBP_Kachujin:AnimGraph.AnimGraphNode_StateMachine_6.Default.AnimStateTransitionNode_2.Transition.K2Node_CallFunction_11224' missing NodeGuid because of upgrade from old package version, this can cause deterministic cooking issues please resave package.
[2016.12.06-15.54.15:621][  0]LogBlueprint:Warning: Node '/Game/MixamoAnimPack/Mixamo_Kachujin/Anims/MixamoAnimBP_Kachujin.MixamoAnimBP_Kachujin:AnimGraph.AnimGraphNode_StateMachine_6.Default.AnimStateTransitionNode_5.Transition.K2Node_CallFunction_224620' missing NodeGuid because of upgrade from old package version, this can cause deterministic cooking issues please resave package.
[2016.12.06-15.54.15:621][  0]LogBlueprint:Warning: Node '/Game/MixamoAnimPack/Mixamo_Kachujin/Anims/MixamoAnimBP_Kachujin.MixamoAnimBP_Kachujin:AnimGraph.AnimGraphNode_StateMachine_6.Default.AnimStateTransitionNode_5.Transition.K2Node_CallFunction_2831' missing NodeGuid because of upgrade from old package version, this can cause deterministic cooking issues please resave package.
[2016.12.06-15.54.15:621][  0]LogBlueprint:Warning: Node '/Game/MixamoAnimPack/Mixamo_Kachujin/Anims/MixamoAnimBP_Kachujin.MixamoAnimBP_Kachujin:AnimGraph.AnimGraphNode_StateMachine_6.Default.AnimStateTransitionNode_6.AnimationTransitionGraph_65.K2Node_CallFunction_92056' missing NodeGuid because of upgrade from old package version, this can cause deterministic cooking issues please resave package.
[2016.12.06-15.54.15:621][  0]LogBlueprint:Warning: Node '/Game/MixamoAnimPack/Mixamo_Kachujin/Anims/MixamoAnimBP_Kachujin.MixamoAnimBP_Kachujin:AnimGraph.AnimGraphNode_StateMachine_6.Default.AnimStateTransitionNode_7.Transition.K2Node_CallFunction_225505' missing NodeGuid because of upgrade from old package version, this can cause deterministic cooking issues please resave package.
[2016.12.06-15.54.15:621][  0]LogBlueprint:Warning: Node '/Game/MixamoAnimPack/Mixamo_Kachujin/Anims/MixamoAnimBP_Kachujin.MixamoAnimBP_Kachujin:CanJump.K2Node_CallFunction_102548' missing NodeGuid because of upgrade from old package version, this can cause deterministic cooking issues please resave package.
[2016.12.06-15.54.15:621][  0]LogBlueprint:Warning: Node '/Game/MixamoAnimPack/Mixamo_Kachujin/Anims/MixamoAnimBP_Kachujin.MixamoAnimBP_Kachujin:EventGraph.K2Node_CallFunction_108580' missing NodeGuid because of upgrade from old package version, this can cause deterministic cooking issues please resave package.
[2016.12.06-15.54.15:621][  0]LogBlueprint:Warning: Node '/Game/MixamoAnimPack/Mixamo_Kachujin/Anims/MixamoAnimBP_Kachujin.MixamoAnimBP_Kachujin:EventGraph.K2Node_CallFunction_162498' missing NodeGuid because of upgrade from old package version, this can cause deterministic cooking issues please resave package.
[2016.12.06-15.54.15:621][  0]LogBlueprint:Warning: Node '/Game/MixamoAnimPack/Mixamo_Kachujin/Anims/MixamoAnimBP_Kachujin.MixamoAnimBP_Kachujin:EventGraph.K2Node_CallFunction_169492' missing NodeGuid because of upgrade from old package version, this can cause deterministic cooking issues please resave package.
[2016.12.06-15.54.15:621][  0]LogBlueprint:Warning: Node '/Game/MixamoAnimPack/Mixamo_Kachujin/Anims/MixamoAnimBP_Kachujin.MixamoAnimBP_Kachujin:EventGraph.K2Node_CallFunction_227144' missing NodeGuid because of upgrade from old package version, this can cause deterministic cooking issues please resave package.
[2016.12.06-15.54.15:622][  0]LogBlueprint:Warning: Node '/Game/MixamoAnimPack/Mixamo_Kachujin/Anims/MixamoAnimBP_Kachujin.MixamoAnimBP_Kachujin:EventGraph.K2Node_CallFunction_29781' missing NodeGuid because of upgrade from old package version, this can cause deterministic cooking issues please resave package.
[2016.12.06-15.54.15:622][  0]LogBlueprint:Warning: Node '/Game/MixamoAnimPack/Mixamo_Kachujin/Anims/MixamoAnimBP_Kachujin.MixamoAnimBP_Kachujin:EventGraph.K2Node_CallFunction_29886' missing NodeGuid because of upgrade from old package version, this can cause deterministic cooking issues please resave package.
[2016.12.06-15.54.15:622][  0]LogBlueprint:Warning: Node '/Game/MixamoAnimPack/Mixamo_Kachujin/Anims/MixamoAnimBP_Kachujin.MixamoAnimBP_Kachujin:EventGraph.K2Node_CallFunction_45546' missing NodeGuid because of upgrade from old package version, this can cause deterministic cooking issues please resave package.
[2016.12.06-15.54.15:622][  0]LogBlueprint:Warning: Node '/Game/MixamoAnimPack/Mixamo_Kachujin/Anims/MixamoAnimBP_Kachujin.MixamoAnimBP_Kachujin:EventGraph.K2Node_CallFunction_45889' missing NodeGuid because of upgrade from old package version, this can cause deterministic cooking issues please resave package.
[2016.12.06-15.54.15:622][  0]LogBlueprint:Warning: Node '/Game/MixamoAnimPack/Mixamo_Kachujin/Anims/MixamoAnimBP_Kachujin.MixamoAnimBP_Kachujin:AnimGraph.AnimGraphNode_StateMachine_6.Default.AnimStateTransitionNode_2.Transition.K2Node_CommutativeAssociativeBinaryOperator_211' missing NodeGuid because of upgrade from old package version, this can cause deterministic cooking issues please resave package.
[2016.12.06-15.54.15:622][  0]LogBlueprint:Warning: Node '/Game/MixamoAnimPack/Mixamo_Kachujin/Anims/MixamoAnimBP_Kachujin.MixamoAnimBP_Kachujin:AnimGraph.AnimGraphNode_StateMachine_6.Default.AnimStateTransitionNode_5.Transition.K2Node_CommutativeAssociativeBinaryOperator_77' missing NodeGuid because of upgrade from old package version, this can cause deterministic cooking issues please resave package.
[2016.12.06-15.54.15:622][  0]LogBlueprint:Warning: Node '/Game/MixamoAnimPack/Mixamo_Kachujin/Anims/MixamoAnimBP_Kachujin.MixamoAnimBP_Kachujin:CanJump.K2Node_CommutativeAssociativeBinaryOperator_2253' missing NodeGuid because of upgrade from old package version, this can cause deterministic cooking issues please resave package.
[2016.12.06-15.54.15:622][  0]LogBlueprint:Warning: Node '/Game/MixamoAnimPack/Mixamo_Kachujin/Anims/MixamoAnimBP_Kachujin.MixamoAnimBP_Kachujin:EventGraph.K2Node_CommutativeAssociativeBinaryOperator_521' missing NodeGuid because of upgrade from old package version, this can cause deterministic cooking issues please resave package.
[2016.12.06-15.54.15:622][  0]LogBlueprint:Warning: Node '/Game/MixamoAnimPack/Mixamo_Kachujin/Anims/MixamoAnimBP_Kachujin.MixamoAnimBP_Kachujin:EventGraph.K2Node_DynamicCast_120' missing NodeGuid because of upgrade from old package version, this can cause deterministic cooking issues please resave package.
[2016.12.06-15.54.15:622][  0]LogBlueprint:Warning: Node '/Game/MixamoAnimPack/Mixamo_Kachujin/Anims/MixamoAnimBP_Kachujin.MixamoAnimBP_Kachujin:EventGraph.K2Node_DynamicCast_127' missing NodeGuid because of upgrade from old package version, this can cause deterministic cooking issues please resave package.
[2016.12.06-15.54.15:622][  0]LogBlueprint:Warning: Node '/Game/MixamoAnimPack/Mixamo_Kachujin/Anims/MixamoAnimBP_Kachujin.MixamoAnimBP_Kachujin:EventGraph.K2Node_DynamicCast_99' missing NodeGuid because of upgrade from old package version, this can cause deterministic cooking issues please resave package.
[2016.12.06-15.54.15:622][  0]LogBlueprint:Warning: Node '/Game/MixamoAnimPack/Mixamo_Kachujin/Anims/MixamoAnimBP_Kachujin.MixamoAnimBP_Kachujin:EventGraph.K2Node_Event_1003' missing NodeGuid because of upgrade from old package version, this can cause deterministic cooking issues please resave package.
[2016.12.06-15.54.15:622][  0]LogBlueprint:Warning: Node '/Game/MixamoAnimPack/Mixamo_Kachujin/Anims/MixamoAnimBP_Kachujin.MixamoAnimBP_Kachujin:EventGraph.K2Node_Event_2429' missing NodeGuid because of upgrade from old package version, this can cause deterministic cooking issues please resave package.
[2016.12.06-15.54.15:622][  0]LogBlueprint:Warning: Node '/Game/MixamoAnimPack/Mixamo_Kachujin/Anims/MixamoAnimBP_Kachujin.MixamoAnimBP_Kachujin:EventGraph.K2Node_Event_85' missing NodeGuid because of upgrade from old package version, this can cause deterministic cooking issues please resave package.
[2016.12.06-15.54.15:622][  0]LogBlueprint:Warning: Node '/Game/MixamoAnimPack/Mixamo_Kachujin/Anims/MixamoAnimBP_Kachujin.MixamoAnimBP_Kachujin:EventGraph.K2Node_ExecutionSequence_180' missing NodeGuid because of upgrade from old package version, this can cause deterministic cooking issues please resave package.
[2016.12.06-15.54.15:622][  0]LogBlueprint:Warning: Node '/Game/MixamoAnimPack/Mixamo_Kachujin/Anims/MixamoAnimBP_Kachujin.MixamoAnimBP_Kachujin:CanJump.K2Node_FunctionEntry_139' missing NodeGuid because of upgrade from old package version, this can cause deterministic cooking issues please resave package.
[2016.12.06-15.54.15:622][  0]LogBlueprint:Warning: Node '/Game/MixamoAnimPack/Mixamo_Kachujin/Anims/MixamoAnimBP_Kachujin.MixamoAnimBP_Kachujin:CanJump.K2Node_FunctionResult_0' missing NodeGuid because of upgrade from old package version, this can cause deterministic cooking issues please resave package.
[2016.12.06-15.54.15:622][  0]LogBlueprint:Warning: Node '/Game/MixamoAnimPack/Mixamo_Kachujin/Anims/MixamoAnimBP_Kachujin.MixamoAnimBP_Kachujin:EventGraph.K2Node_IfThenElse_332' missing NodeGuid because of upgrade from old package version, this can cause deterministic cooking issues please resave package.
[2016.12.06-15.54.15:622][  0]LogBlueprint:Warning: Node '/Game/MixamoAnimPack/Mixamo_Kachujin/Anims/MixamoAnimBP_Kachujin.MixamoAnimBP_Kachujin:EventGraph.K2Node_IfThenElse_413' missing NodeGuid because of upgrade from old package version, this can cause deterministic cooking issues please resave package.
[2016.12.06-15.54.15:622][  0]LogBlueprint:Warning: Node '/Game/MixamoAnimPack/Mixamo_Kachujin/Anims/MixamoAnimBP_Kachujin.MixamoAnimBP_Kachujin:AnimGraph.AnimGraphNode_StateMachine_6.Default.AnimStateTransitionNode_12.Transition.K2Node_TransitionRuleGetter_8' missing NodeGuid because of upgrade from old package version, this can cause deterministic cooking issues please resave package.
[2016.12.06-15.54.15:622][  0]LogBlueprint:Warning: Node '/Game/MixamoAnimPack/Mixamo_Kachujin/Anims/MixamoAnimBP_Kachujin.MixamoAnimBP_Kachujin:AnimGraph.AnimGraphNode_StateMachine_6.Default.AnimStateTransitionNode_6.AnimationTransitionGraph_65.K2Node_TransitionRuleGetter_17' missing NodeGuid because of upgrade from old package version, this can cause deterministic cooking issues please resave package.
[2016.12.06-15.54.15:622][  0]LogBlueprint:Warning: Node '/Game/MixamoAnimPack/Mixamo_Kachujin/Anims/MixamoAnimBP_Kachujin.MixamoAnimBP_Kachujin:AnimGraph.AnimGraphNode_StateMachine_6.Default.AnimStateTransitionNode_6.AnimationTransitionGraph_65.K2Node_TransitionRuleGetter_182' missing NodeGuid because of upgrade from old package version, this can cause deterministic cooking issues please resave package.
[2016.12.06-15.54.15:622][  0]LogBlueprint:Warning: Node '/Game/MixamoAnimPack/Mixamo_Kachujin/Anims/MixamoAnimBP_Kachujin.MixamoAnimBP_Kachujin:AnimGraph.AnimGraphNode_StateMachine_6.Default.AnimStateNode_1.Locomotion/Idle.K2Node_VariableGet_589' missing NodeGuid because of upgrade from old package version, this can cause deterministic cooking issues please resave package.
[2016.12.06-15.54.15:622][  0]LogBlueprint:Warning: Node '/Game/MixamoAnimPack/Mixamo_Kachujin/Anims/MixamoAnimBP_Kachujin.MixamoAnimBP_Kachujin:AnimGraph.AnimGraphNode_StateMachine_6.Default.AnimStateTransitionNode_1.Transition.K2Node_VariableGet_208' missing NodeGuid because of upgrade from old package version, this can cause deterministic cooking issues please resave package.
[2016.12.06-15.54.15:622][  0]LogBlueprint:Warning: Node '/Game/MixamoAnimPack/Mixamo_Kachujin/Anims/MixamoAnimBP_Kachujin.MixamoAnimBP_Kachujin:AnimGraph.AnimGraphNode_StateMachine_6.Default.AnimStateTransitionNode_2.Transition.K2Node_VariableGet_125' missing NodeGuid because of upgrade from old package version, this can cause deterministic cooking issues please resave package.
[2016.12.06-15.54.15:622][  0]LogBlueprint:Warning: Node '/Game/MixamoAnimPack/Mixamo_Kachujin/Anims/MixamoAnimBP_Kachujin.MixamoAnimBP_Kachujin:AnimGraph.AnimGraphNode_StateMachine_6.Default.AnimStateTransitionNode_2.Transition.K2Node_VariableGet_129' missing NodeGuid because of upgrade from old package version, this can cause deterministic cooking issues please resave package.
[2016.12.06-15.54.15:622][  0]LogBlueprint:Warning: Node '/Game/MixamoAnimPack/Mixamo_Kachujin/Anims/MixamoAnimBP_Kachujin.MixamoAnimBP_Kachujin:AnimGraph.AnimGraphNode_StateMachine_6.Default.AnimStateTransitionNode_5.Transition.K2Node_VariableGet_1066' missing NodeGuid because of upgrade from old package version, this can cause deterministic cooking issues please resave package.
[2016.12.06-15.54.15:622][  0]LogBlueprint:Warning: Node '/Game/MixamoAnimPack/Mixamo_Kachujin/Anims/MixamoAnimBP_Kachujin.MixamoAnimBP_Kachujin:AnimGraph.AnimGraphNode_StateMachine_6.Default.AnimStateTransitionNode_5.Transition.K2Node_VariableGet_74' missing NodeGuid because of upgrade from old package version, this can cause deterministic cooking issues please resave package.
[2016.12.06-15.54.15:622][  0]LogBlueprint:Warning: Node '/Game/MixamoAnimPack/Mixamo_Kachujin/Anims/MixamoAnimBP_Kachujin.MixamoAnimBP_Kachujin:AnimGraph.AnimGraphNode_StateMachine_6.Default.AnimStateTransitionNode_7.Transition.K2Node_VariableGet_1084' missing NodeGuid because of upgrade from old package version, this can cause deterministic cooking issues please resave package.
[2016.12.06-15.54.15:622][  0]LogBlueprint:Warning: Node '/Game/MixamoAnimPack/Mixamo_Kachujin/Anims/MixamoAnimBP_Kachujin.MixamoAnimBP_Kachujin:AnimGraph.AnimGraphNode_StateMachine_6.Default.AnimStateTransitionNode_8.Transition.K2Node_VariableGet_624' missing NodeGuid because of upgrade from old package version, this can cause deterministic cooking issues please resave package.
[2016.12.06-15.54.15:622][  0]LogBlueprint:Warning: Node '/Game/MixamoAnimPack/Mixamo_Kachujin/Anims/MixamoAnimBP_Kachujin.MixamoAnimBP_Kachujin:CanJump.K2Node_VariableGet_2488' missing NodeGuid because of upgrade from old package version, this can cause deterministic cooking issues please resave package.
[2016.12.06-15.54.15:622][  0]LogBlueprint:Warning: Node '/Game/MixamoAnimPack/Mixamo_Kachujin/Anims/MixamoAnimBP_Kachujin.MixamoAnimBP_Kachujin:EventGraph.K2Node_VariableGet_1007' missing NodeGuid because of upgrade from old package version, this can cause deterministic cooking issues please resave package.
[2016.12.06-15.54.15:622][  0]LogBlueprint:Warning: Node '/Game/MixamoAnimPack/Mixamo_Kachujin/Anims/MixamoAnimBP_Kachujin.MixamoAnimBP_Kachujin:EventGraph.K2Node_VariableGet_1157' missing NodeGuid because of upgrade from old package version, this can cause deterministic cooking issues please resave package.
[2016.12.06-15.54.15:622][  0]LogBlueprint:Warning: Node '/Game/MixamoAnimPack/Mixamo_Kachujin/Anims/MixamoAnimBP_Kachujin.MixamoAnimBP_Kachujin:EventGraph.K2Node_VariableGet_3156' missing NodeGuid because of upgrade from old package version, this can cause deterministic cooking issues please resave package.
[2016.12.06-15.54.15:622][  0]LogBlueprint:Warning: Node '/Game/MixamoAnimPack/Mixamo_Kachujin/Anims/MixamoAnimBP_Kachujin.MixamoAnimBP_Kachujin:EventGraph.K2Node_VariableSet_1402' missing NodeGuid because of upgrade from old package version, this can cause deterministic cooking issues please resave package.
[2016.12.06-15.54.15:622][  0]LogBlueprint:Warning: Node '/Game/MixamoAnimPack/Mixamo_Kachujin/Anims/MixamoAnimBP_Kachujin.MixamoAnimBP_Kachujin:EventGraph.K2Node_VariableSet_2289' missing NodeGuid because of upgrade from old package version, this can cause deterministic cooking issues please resave package.
[2016.12.06-15.54.15:622][  0]LogBlueprint:Warning: Node '/Game/MixamoAnimPack/Mixamo_Kachujin/Anims/MixamoAnimBP_Kachujin.MixamoAnimBP_Kachujin:EventGraph.K2Node_VariableSet_2465' missing NodeGuid because of upgrade from old package version, this can cause deterministic cooking issues please resave package.
[2016.12.06-15.54.15:622][  0]LogBlueprint:Warning: Node '/Game/MixamoAnimPack/Mixamo_Kachujin/Anims/MixamoAnimBP_Kachujin.MixamoAnimBP_Kachujin:EventGraph.K2Node_VariableSet_74' missing NodeGuid because of upgrade from old package version, this can cause deterministic cooking issues please resave package.
[2016.12.06-15.54.16:610][  0]LogAIModule: Creating AISystem for world HW5
[2016.12.06-15.54.16:619][  0]LogEditorServer: Finished looking for orphan Actors (0.000 secs)
[2016.12.06-15.54.16:620][  0]Cmd: MAP CHECKDEP NOCLEARLOG
[2016.12.06-15.54.16:696][  0]MapCheck: Info Map check complete: 0 Error(s), 0 Warning(s), took 76.103ms to complete.
[2016.12.06-15.54.16:696][  0]LogFileHelpers: Loading map 'HW5' took 5.293
[2016.12.06-15.54.16:830][  0]LogCollectionManager: Loaded 1 collections in 0.004688 seconds
[2016.12.06-15.54.16:870][  0]LogFileCache: Scanning file cache for directory 'H:/SpellWars/Saved/Collections/' took 0.01s
[2016.12.06-15.54.16:870][  0]LogFileCache: Scanning file cache for directory 'H:/SpellWars/Content/Developers/keeh/Collections/' took 0.01s
[2016.12.06-15.54.16:870][  0]LogFileCache: Scanning file cache for directory 'H:/SpellWars/Content/Collections/' took 0.01s
[2016.12.06-15.54.16:870][  0]LogCollectionManager: Rebuilt the GUID cache for 1 collections in 0.000005 seconds
[2016.12.06-15.54.16:870][  0]LogCollectionManager: Rebuilt the hierarchy cache for 1 collections in 0.000000 seconds
[2016.12.06-15.54.16:880][  0]LogContentBrowser: Native class hierarchy populated in 0.0091 seconds. Added 2074 classes and 373 folders.
[2016.12.06-15.54.16:884][  0]LogStats: UGameplayTagsManager::ConstructGameplayTagTree: Construct from data asset -  0.000 s
[2016.12.06-15.54.16:884][  0]LogStats: UGameplayTagsManager::ConstructGameplayTagTree: GameplayTagTreeChangedEvent.Broadcast -  0.000 s
[2016.12.06-15.54.16:884][  0]LogContentBrowser: Native class hierarchy updated for 'GameplayTags' in 0.0005 seconds. Added 12 classes and 0 folders.
[2016.12.06-15.54.16:888][  0]LogContentBrowser: Native class hierarchy updated for 'WidgetCarousel' in 0.0004 seconds. Added 0 classes and 0 folders.
[2016.12.06-15.54.16:930][  0]LogContentBrowser: Native class hierarchy updated for 'AddContentDialog' in 0.0005 seconds. Added 0 classes and 0 folders.
[2016.12.06-15.54.16:933][  0]LogContentBrowser: Native class hierarchy updated for 'SceneOutliner' in 0.0004 seconds. Added 1 classes and 2 folders.
[2016.12.06-15.54.16:949][  0]LogCrashTracker: Crashtracker disabled due to settings.
[2016.12.06-15.54.16:995][  0]LogContentBrowser: Native class hierarchy updated for 'HierarchicalLODOutliner' in 0.0005 seconds. Added 1 classes and 2 folders.
[2016.12.06-15.54.16:996][  0]LogLoad: Full Startup: 11.45 seconds (BP compile: 1.38 seconds)
[2016.12.06-15.54.16:996][  0]LogExternalProfiler: Found external profiler: VSPerf
[2016.12.06-15.54.16:996][  0]LogExternalProfiler: Using external profiler: VSPerf
[2016.12.06-15.54.17:005][  0]LogOcInput: OculusInput pre-init called
[2016.12.06-15.54.17:017][  0]LogOcInput: OculusInput is initialized. Init status 0. Runtime version: 1.7.0
[2016.12.06-15.54.17:035][  0]LogDirectoryWatcher: A directory notification failed for 'H:/SpellWars/Saved/Collections/' because it was aborted or there was a buffer overflow.
[2016.12.06-15.54.17:035][  0]LogDirectoryWatcher: A directory notification failed for 'H:/SpellWars/Content/Developers/keeh/Collections/' because it was aborted or there was a buffer overflow.
[2016.12.06-15.54.17:035][  0]LogDirectoryWatcher: A directory notification failed for 'H:/SpellWars/Content/Collections/' because it was aborted or there was a buffer overflow.
[2016.12.06-15.54.17:037][  0]LogContentStreaming: Texture pool size now 1000 MB
[2016.12.06-15.54.17:176][  0]LogRenderer: Reallocating scene render targets to support 1208x576 (Frame:2).
[2016.12.06-15.54.17:574][  1]LogAssetRegistry: Asset discovery search completed in 8.4711 seconds
[2016.12.06-15.54.17:574][  1]LogCollectionManager: Rebuilt the object cache for 1 collections in 0.000005 seconds (found 0 objects)
[2016.12.06-15.54.17:574][  1]LogCollectionManager: Fixed up redirectors for 1 collections in 0.000022 seconds (updated 0 objects)
[2016.12.06-15.54.17:618][  2]LogDirectoryWatcher: A directory notification failed for 'H:/SpellWars/Saved/Collections/' because it was aborted or there was a buffer overflow.
[2016.12.06-15.54.17:618][  2]LogDirectoryWatcher: A directory notification failed for 'H:/SpellWars/Content/Developers/keeh/Collections/' because it was aborted or there was a buffer overflow.
[2016.12.06-15.54.17:618][  2]LogDirectoryWatcher: A directory notification failed for 'H:/SpellWars/Content/Collections/' because it was aborted or there was a buffer overflow.
[2016.12.06-15.54.38:590][501]LogBlueprintUserMessages: Early PlayInEditor Detection: Level '/Game/Lessons/Physics/HW5.HW5:PersistentLevel' has LevelScriptBlueprint '/Game/Lessons/Physics/HW5.HW5:PersistentLevel.HW5' with GeneratedClass '/Game/Lessons/Physics/HW5.HW5_C' with ClassGeneratedBy '/Game/Lessons/Physics/HW5.HW5:PersistentLevel.HW5'
[2016.12.06-15.54.38:590][501]LogPlayLevel: PlayLevel: No blueprints needed recompiling
[2016.12.06-15.54.38:592][501]OCULUS: Debug: Failed to open file: C:\Users\keeh\AppData\Local\Oculus/ProfileDB.json
[2016.12.06-15.54.38:592][501]OCULUS: Debug: Failed to open file: C:\Users\keeh\AppData\Local\Oculus/Profiles.json
[2016.12.06-15.54.38:592][501]OCULUS: Debug: Failed to open file: C:\Users\keeh\AppData\Local\Oculus/ProfileDB.json
[2016.12.06-15.54.38:592][501]OCULUS: Debug: Failed to open file: C:\Users\keeh\AppData\Local\Oculus/Profiles.json
[2016.12.06-15.54.38:592][501]OCULUS: Debug: [HMDState] Using default profile default
[2016.12.06-15.54.38:592][501]OCULUS: Info: IAD changed to 63.5mm
[2016.12.06-15.54.38:592][501]LogHMD: New ovr session is created
[2016.12.06-15.54.38:592][501]LogHMD: HMD Oculus Rift DK2, res = 1920 x 1080
[2016.12.06-15.54.38:592][501]LogApp: UseVRFocus has changed to 1
[2016.12.06-15.54.38:592][501]LogApp: HasVRFocus has changed to 1
[2016.12.06-15.54.38:592][501]LogApp: UseVRFocus has changed to 0
[2016.12.06-15.54.38:592][501]LogApp: HasVRFocus has changed to 0
[2016.12.06-15.54.38:593][501]PIE: New page: PIE session: HW5 (Dec 6, 2016, 5:54:38 AM)
[2016.12.06-15.54.38:593][501]LogPlayLevel: Creating play world package: /Game/Lessons/Physics/UEDPIE_0_HW5
[2016.12.06-15.54.38:599][501]LogPlayLevel: PIE: StaticDuplicateObject took: (0.005885s)
[2016.12.06-15.54.38:600][501]LogAIModule: Creating AISystem for world HW5
[2016.12.06-15.54.38:600][501]LogPlayLevel: PIE: World Init took: (0.000841s)
[2016.12.06-15.54.38:600][501]LogPlayLevel: PIE: Created PIE world by copying editor world from /Game/Lessons/Physics/HW5.HW5 to /Game/Lessons/Physics/UEDPIE_0_HW5.HW5 (0.007019s)
[2016.12.06-15.54.38:778][501]LogApp: UseVRFocus has changed to 1
[2016.12.06-15.54.38:778][501]LogApp: HasVRFocus has changed to 1
[2016.12.06-15.54.38:778][501]LogApp: UseVRFocus has changed to 0
[2016.12.06-15.54.38:778][501]LogApp: HasVRFocus has changed to 0
[2016.12.06-15.54.38:780][501]LogInit: XAudio2 using 'Speakers / Headphones (Realtek High Definition Audio)' : 2 channels at 48 kHz using 32 bits per sample (channel mask 0x3)
[2016.12.06-15.54.38:792][501]LogInit: FAudioDevice initialized.
[2016.12.06-15.54.39:137][501]LogWorld: Game class is 'FirstPersonGameMode_C'
[2016.12.06-15.54.39:143][501]LogWorld: Bringing World /Game/Lessons/Physics/UEDPIE_0_HW5.HW5 up for play (max tick rate 0) at 2016.12.06-10.54.39
[2016.12.06-15.54.39:144][501]LogWorld: Bringing up level for play took: 0.005696
[2016.12.06-15.54.39:149][501]LogContentBrowser: Native class hierarchy updated for 'MovieSceneCapture' in 0.0007 seconds. Added 11 classes and 0 folders.
[2016.12.06-15.54.39:152][501]LeapPluginLog: InterfaceObject: LeapAnimBodyConnector_C_0
[2016.12.06-15.54.39:155][501]Cmd: stereo reset
[2016.12.06-15.54.39:155][501]LeapPluginLog: InterfaceObject: SpellWarsCharacter_C_0
[2016.12.06-15.54.39:190][501]PIE: Info Play in editor start time for /Game/Lessons/Physics/UEDPIE_0_HW5 0.18
[2016.12.06-15.54.39:191][501]LogBlueprintUserMessages: Late PlayInEditor Detection: Level '/Game/Lessons/Physics/HW5.HW5:PersistentLevel' has LevelScriptBlueprint '/Game/Lessons/Physics/HW5.HW5:PersistentLevel.HW5' with GeneratedClass '/Game/Lessons/Physics/HW5.HW5_C' with ClassGeneratedBy '/Game/Lessons/Physics/HW5.HW5:PersistentLevel.HW5'
[2016.12.06-15.54.39:192][501]LogApp: UseVRFocus has changed to 1
[2016.12.06-15.54.39:210][501]LogHMD: Reallocation of eye buffer was requested
[2016.12.06-15.54.39:212][501]LogHMD: Allocated a new swap texture set (size 2400 x 1472, mipcount = 1), 0x0000000053BFA090
[2016.12.06-15.54.39:244][501]LogHMD: Allocated a new mirror texture (size 1280 x 720)
[2016.12.06-15.54.39:244][501]LogRenderer: Reallocating scene render targets to support 2400x1472 (Frame:5).
[2016.12.06-15.54.39:318][502]LogApp: HasVRFocus has changed to 1
[2016.12.06-15.54.39:339][504]LogApp: HasVRFocus has changed to 0
[2016.12.06-15.54.42:774][761]OCULUS: Info: [HMDState] Requested to SetForegroundWindow(300504ll)
[2016.12.06-15.54.42:797][762]LogApp: HasVRFocus has changed to 1
[2016.12.06-15.54.54:661][649]LogNet: Browse: 128.10.15.113//Game/Lessons/Physics/HW5
[2016.12.06-15.54.54:661][649]LogInit: WinSock: Socket queue 32768 / 32768
[2016.12.06-15.54.54:662][649]LogInit: WinSock: I am 1398-P1C8-1368 (128.10.15.108:0)
[2016.12.06-15.54.54:663][649]PacketHandlerLog: Loaded PacketHandler component: Engine.EngineHandlerComponentFactory (StatelessConnectHandlerComponent)
[2016.12.06-15.54.54:663][649]LogNet: Game client on port 7777, rate 10000
[2016.12.06-15.54.54:663][649]LogNet: GetLocalNetworkVersion: GEngineNetVersion: 3039270, ProjectName: spellwars, ProjectVersion: 1.0.0.0, InternalProtocolVersion: 9, LocalNetworkVersion: 29137781
[2016.12.06-15.54.54:683][652]LogHandshake: SendChallengeResponse. Timestamp: 61.189377, Cookie: 183237000096002196180121172118144053051166202203113080016011
[2016.12.06-15.54.54:893][668]LogNet: Welcomed by server (Level: /Temp/Autosaves/Game/Lessons/Physics/UEDPCHW5, Game: /Game/FirstPersonBP/Blueprints/FirstPersonGameMode.FirstPersonGameMode_C)
[2016.12.06-15.54.54:895][668]LogLoadingSplash: Loading begins
[2016.12.06-15.54.54:908][668]LogHMD: Allocated a new swap texture set (size 16 x 16, mipcount = 5), 0x0000000053BFA770
[2016.12.06-15.54.54:920][668]LogHMD: FOculusRiftSplash::PushBlackFrame
[2016.12.06-15.54.54:920][668]LogHMD: FOculusRiftSplash::Show
[2016.12.06-15.54.54:920][668]LogLoad: LoadMap: 128.10.15.113//Temp/Autosaves/Game/Lessons/Physics/UEDPCHW5?game=/Game/FirstPersonBP/Blueprints/FirstPersonGameMode.FirstPersonGameMode_C
[2016.12.06-15.54.54:955][668]Cmd: MEM
[2016.12.06-15.54.54:970][668]LogMemory: Platform Memory Stats for Windows
[2016.12.06-15.54.54:970][668]LogMemory: Process Physical Memory: 1018.59 MB used, 1043.28 MB peak
[2016.12.06-15.54.54:970][668]LogMemory: Process Virtual Memory: 1802.62 MB used, 1888.72 MB peak
[2016.12.06-15.54.54:970][668]LogMemory: Physical Memory: 6688.88 MB used, 16308.40 MB total
[2016.12.06-15.54.54:970][668]LogMemory: Virtual Memory: 2576.15 MB used, 8388608.00 MB total
[2016.12.06-15.54.54:970][668]LogMemory: 
[2016.12.06-15.54.54:970][668]Allocator Stats for TBB: (not implemented)
[2016.12.06-15.54.55:016][668]LogAIModule: Creating AISystem for world HW5
[2016.12.06-15.54.55:021][668]LogWorld: Bringing World /Temp/Autosaves/Game/Lessons/Physics/UEDPCHW5.HW5 up for play (max tick rate 0) at 2016.12.06-10.54.55
[2016.12.06-15.54.55:021][668]LogWorld: Bringing up level for play took: 0.003671
[2016.12.06-15.54.55:021][668]LogHMD: FOculusRiftSplash::Hide
[2016.12.06-15.54.55:022][668]LogHMD: Freeing textureSet 0x0000000053BFA770
[2016.12.06-15.54.55:023][668]LogHMD: Allocated a new swap texture set (size 16 x 16, mipcount = 5), 0x0000000053BFA770
[2016.12.06-15.54.55:026][668]LogHMD: FOculusRiftSplash::PushBlackFrame
[2016.12.06-15.54.55:026][668]LogLoadingSplash: Loading ends
[2016.12.06-15.54.55:026][668]LogLoad: Took 0.106607 seconds to LoadMap(/Temp/Autosaves/Game/Lessons/Physics/UEDPCHW5)
[2016.12.06-15.54.55:032][668]LogHMD: Orientation wasn't applied to a camera in frame 1171
[2016.12.06-15.54.55:032][668]LogHMD: Orientation wasn't applied to a camera in frame 1171
[2016.12.06-15.54.55:033][668]LogHMD: Orientation wasn't applied to a camera in frame 1171
[2016.12.06-15.54.55:034][669]LogHMD: Orientation wasn't applied to a camera in frame 1172
[2016.12.06-15.54.55:034][669]LogHMD: Orientation wasn't applied to a camera in frame 1172
[2016.12.06-15.54.55:035][669]LogHMD: Orientation wasn't applied to a camera in frame 1172
[2016.12.06-15.54.55:111][671]LeapPluginLog: InterfaceObject: LeapAnimBodyConnector_C_0
[2016.12.06-15.54.55:115][671]LeapPluginLog: InterfaceObject: LeapAnimBodyConnector_C_1
[2016.12.06-15.54.55:139][672]LeapPluginLog: InterfaceObject: LeapAnimBodyConnector_C_2
[2016.12.06-15.54.55:164][673]Cmd: stereo reset
[2016.12.06-15.54.55:165][673]LeapPluginLog: InterfaceObject: SpellWarsCharacter_C_0
[2016.12.06-15.54.55:165][673]Cmd: stereo reset
[2016.12.06-15.54.55:165][673]LeapPluginLog: InterfaceObject: SpellWarsCharacter_C_1
[2016.12.06-15.54.55:165][673]Cmd: stereo reset
[2016.12.06-15.54.55:165][673]LeapPluginLog: InterfaceObject: SpellWarsCharacter_C_2
[2016.12.06-15.54.59:370][988]LeapPluginLog: InterfaceObject: LeapAnimBodyConnector_C_4
[2016.12.06-15.54.59:373][988]Cmd: stereo reset
[2016.12.06-15.54.59:373][988]LeapPluginLog: InterfaceObject: SpellWarsCharacter_C_3
[2016.12.06-15.55.31:277][381]LogNet:Warning: Network Failure: GameNetDriver[FailureReceived]: Host closed the connection.
[2016.12.06-15.55.31:277][381]LogNet: NetworkFailure: FailureReceived, Error: 'Host closed the connection.'
[2016.12.06-15.55.31:277][381]LogNet: UNetConnection::Close: [UNetConnection] RemoteAddr: 128.10.15.113:7777, Name: IpConnection_0, Driver: GameNetDriver IpNetDriver_0, IsServer: NO, PC: PlayerController_1, Owner: PlayerController_1, Channels: 11, Time: 2016.12.06-15.55.31
[2016.12.06-15.55.31:277][381]LogNet: UChannel::Close: Sending CloseBunch. ChIndex == 0. Name: [UChannel] ChIndex: 0, Closing: 0 [UNetConnection] RemoteAddr: 128.10.15.113:7777, Name: IpConnection_0, Driver: GameNetDriver IpNetDriver_0, IsServer: NO, PC: PlayerController_1, Owner: PlayerController_1
[2016.12.06-15.55.31:277][381]LogNet:Warning: Network Failure: GameNetDriver[ConnectionLost]: Your connection to the host has been lost.
[2016.12.06-15.55.31:277][381]LogNet: NetworkFailure: ConnectionLost, Error: 'Your connection to the host has been lost.'
[2016.12.06-15.55.31:290][382]LogNet: Browse: /Game/Lessons/Physics/HW5?closed
[2016.12.06-15.55.31:290][382]LogNet: Failed; returning to Entry
[2016.12.06-15.55.31:424][382]LogLoadingSplash: Loading begins
[2016.12.06-15.55.31:425][382]LogHMD: Freeing textureSet 0x0000000053BFA770
[2016.12.06-15.55.31:426][382]LogHMD: Allocated a new swap texture set (size 16 x 16, mipcount = 5), 0x0000000053BFA770
[2016.12.06-15.55.31:436][382]LogHMD: FOculusRiftSplash::PushBlackFrame
[2016.12.06-15.55.31:436][382]LogHMD: FOculusRiftSplash::Show
[2016.12.06-15.55.31:436][382]LogLoad: LoadMap: /Game/Lessons/Physics/HW5?closed
[2016.12.06-15.55.31:436][382]LogNet: World NetDriver shutdown IpNetDriver_0 [GameNetDriver]
[2016.12.06-15.55.31:436][382]LogNet: DestroyNamedNetDriver IpNetDriver_0 [GameNetDriver]
[2016.12.06-15.55.31:436][382]LogExit: GameNetDriver IpNetDriver_0 shut down
[2016.12.06-15.55.31:521][382]Cmd: MEM
[2016.12.06-15.55.31:536][382]LogMemory: Platform Memory Stats for Windows
[2016.12.06-15.55.31:536][382]LogMemory: Process Physical Memory: 1045.76 MB used, 1065.27 MB peak
[2016.12.06-15.55.31:536][382]LogMemory: Process Virtual Memory: 1798.38 MB used, 1895.18 MB peak
[2016.12.06-15.55.31:536][382]LogMemory: Physical Memory: 6707.35 MB used, 16308.40 MB total
[2016.12.06-15.55.31:536][382]LogMemory: Virtual Memory: 2567.68 MB used, 8388608.00 MB total
[2016.12.06-15.55.31:537][382]LogMemory: 
[2016.12.06-15.55.31:537][382]Allocator Stats for TBB: (not implemented)
[2016.12.06-15.55.31:537][382]LogPlayLevel: Creating play world package: /Game/Lessons/Physics/UEDPIE_0_HW5
[2016.12.06-15.55.31:542][382]LogPlayLevel: PIE: StaticDuplicateObject took: (0.005441s)
[2016.12.06-15.55.31:544][382]LogAIModule: Creating AISystem for world HW5
[2016.12.06-15.55.31:544][382]LogPlayLevel: PIE: World Init took: (0.002075s)
[2016.12.06-15.55.31:544][382]LogPlayLevel: PIE: Created PIE world by copying editor world from /Game/Lessons/Physics/HW5.HW5 to /Game/Lessons/Physics/UEDPIE_0_HW5.HW5 (0.007741s)
[2016.12.06-15.55.31:544][382]LogWorld: Game class is 'FirstPersonGameMode_C'
[2016.12.06-15.55.31:551][382]LogWorld: Bringing World /Game/Lessons/Physics/UEDPIE_0_HW5.HW5 up for play (max tick rate 0) at 2016.12.06-10.55.31
[2016.12.06-15.55.31:551][382]LogWorld: Bringing up level for play took: 0.005805
[2016.12.06-15.55.31:553][382]LogHMD: FOculusRiftSplash::Hide
[2016.12.06-15.55.31:554][382]LogHMD: Freeing textureSet 0x0000000053BFA770
[2016.12.06-15.55.31:554][382]LogHMD: Allocated a new swap texture set (size 16 x 16, mipcount = 5), 0x0000000053BFA770
[2016.12.06-15.55.31:559][382]LogHMD: FOculusRiftSplash::PushBlackFrame
[2016.12.06-15.55.31:561][382]LeapPluginLog: InterfaceObject: LeapAnimBodyConnector_C_0
[2016.12.06-15.55.31:564][382]Cmd: stereo reset
[2016.12.06-15.55.31:564][382]LeapPluginLog: InterfaceObject: SpellWarsCharacter_C_0
[2016.12.06-15.55.31:564][382]LogLoadingSplash: Loading ends
[2016.12.06-15.55.31:564][382]LogLoad: Took 0.127818 seconds to LoadMap(/Game/Lessons/Physics/UEDPIE_0_HW5)
[2016.12.06-15.55.45:237][398]LogBlueprintUserMessages: Early EndPlayMap Detection: Level '/Game/Lessons/Physics/HW5.HW5:PersistentLevel' has LevelScriptBlueprint '/Game/Lessons/Physics/HW5.HW5:PersistentLevel.HW5' with GeneratedClass '/Game/Lessons/Physics/HW5.HW5_C' with ClassGeneratedBy '/Game/Lessons/Physics/HW5.HW5:PersistentLevel.HW5'
[2016.12.06-15.55.45:249][398]LogHMD: Destroying ovr session
[2016.12.06-15.55.45:249][398]LogHMD: Freeing textureSet 0x0000000053BFA770
[2016.12.06-15.55.45:249][398]LogHMD: Freeing textureSet 0x0000000053BFA090
[2016.12.06-15.55.45:257][398]OCULUS: Info: [HMDState] Requested to SetForegroundWindow(300504ll)
[2016.12.06-15.55.45:280][398]LogApp: UseVRFocus has changed to 0
[2016.12.06-15.55.45:280][398]LogApp: HasVRFocus has changed to 0
[2016.12.06-15.55.45:614][398]LogBlueprintUserMessages: Late EndPlayMap Detection: Level '/Game/Lessons/Physics/HW5.HW5:PersistentLevel' has LevelScriptBlueprint '/Game/Lessons/Physics/HW5.HW5:PersistentLevel.HW5' with GeneratedClass '/Game/Lessons/Physics/HW5.HW5_C' with ClassGeneratedBy '/Game/Lessons/Physics/HW5.HW5:PersistentLevel.HW5'
[2016.12.06-15.55.46:302][445]Cmd: QUIT_EDITOR
[2016.12.06-15.55.46:357][445]LogExit: Preparing to exit.
[2016.12.06-15.55.47:467][445]LogExit: Editor shut down
[2016.12.06-15.55.47:467][445]LogExit: Transaction tracking system shut down
[2016.12.06-15.55.47:625][445]LogObj: Freed 0b from 0 cluster array pools.
[2016.12.06-15.55.47:625][445]LogExit: Object subsystem successfully closed.
[2016.12.06-15.55.47:645][445]LogD3D11RHI: Shutdown
[2016.12.06-15.55.47:645][445]LogD3D11RHI: CleanupD3DDevice
[2016.12.06-15.55.47:690][445]LogD3D11RHI: ~FD3D11DynamicRHI
[2016.12.06-15.55.47:701][445]LogModuleManager: Shutting down and abandoning module MovieSceneCapture (215)
[2016.12.06-15.55.47:701][445]LogModuleManager: Shutting down and abandoning module HierarchicalLODOutliner (214)
[2016.12.06-15.55.47:701][445]LogModuleManager: Shutting down and abandoning module CrashTracker (213)
[2016.12.06-15.55.47:701][445]LogModuleManager: Shutting down and abandoning module SceneOutliner (212)
[2016.12.06-15.55.47:701][445]LogModuleManager: Shutting down and abandoning module WidgetCarousel (211)
[2016.12.06-15.55.47:701][445]LogModuleManager: Shutting down and abandoning module AddContentDialog (210)
[2016.12.06-15.55.47:702][445]LogModuleManager: Shutting down and abandoning module GameplayTags (209)
[2016.12.06-15.55.47:702][445]LogModuleManager: Shutting down and abandoning module EditorWidgets (208)
[2016.12.06-15.55.47:702][445]LogModuleManager: Shutting down and abandoning module CollectionManager (207)
[2016.12.06-15.55.50:702][445]LogModuleManager: Shutting down and abandoning module StatsViewer (206)
[2016.12.06-15.55.50:702][445]LogModuleManager: Shutting down and abandoning module FoliageEdit (205)
[2016.12.06-15.55.50:702][445]LogModuleManager: Shutting down and abandoning module LandscapeEditor (204)
[2016.12.06-15.55.50:702][445]LogModuleManager: Shutting down and abandoning module SceneDepthPickerMode (203)
[2016.12.06-15.55.50:702][445]LogModuleManager: Shutting down and abandoning module ActorPickerMode (202)
[2016.12.06-15.55.50:702][445]LogModuleManager: Shutting down and abandoning module GeometryMode (201)
[2016.12.06-15.55.50:702][445]LogModuleManager: Shutting down and abandoning module TextureAlignMode (200)
[2016.12.06-15.55.50:702][445]LogModuleManager: Shutting down and abandoning module BspMode (199)
[2016.12.06-15.55.50:702][445]LogModuleManager: Shutting down and abandoning module HardwareSurvey (198)
[2016.12.06-15.55.50:702][445]LogModuleManager: Shutting down and abandoning module SequenceRecorderSections (197)
[2016.12.06-15.55.50:702][445]LogModuleManager: Shutting down and abandoning module SequenceRecorder (196)
[2016.12.06-15.55.50:702][445]LogModuleManager: Shutting down and abandoning module AutomationWorker (195)
[2016.12.06-15.55.50:703][445]LogModuleManager: Shutting down and abandoning module MatineeToLevelSequence (194)
[2016.12.06-15.55.50:703][445]LogModuleManager: Shutting down and abandoning module PlacementMode (193)
[2016.12.06-15.55.50:703][445]LogModuleManager: Shutting down and abandoning module LevelSequenceEditor (192)
[2016.12.06-15.55.50:703][445]LogModuleManager: Shutting down and abandoning module CharacterAI (191)
[2016.12.06-15.55.50:703][445]LogModuleManager: Shutting down and abandoning module SmartSnapping (190)
[2016.12.06-15.55.50:703][445]LogModuleManager: Shutting down and abandoning module SessionServices (189)
[2016.12.06-15.55.50:703][445]LogModuleManager: Shutting down and abandoning module ViewportSnapping (188)
[2016.12.06-15.55.50:703][445]LogModuleManager: Shutting down and abandoning module LogVisualizer (187)
[2016.12.06-15.55.50:703][445]LogModuleManager: Shutting down and abandoning module GameProjectGeneration (186)
[2016.12.06-15.55.50:703][445]LogModuleManager: Shutting down and abandoning module IntroTutorials (185)
[2016.12.06-15.55.50:703][445]LogModuleManager: Shutting down and abandoning module EditorLiveStreaming (184)
[2016.12.06-15.55.50:703][445]LogModuleManager: Shutting down and abandoning module IOSPlatformEditor (183)
[2016.12.06-15.55.50:703][445]LogModuleManager: Shutting down and abandoning module HTML5PlatformEditor (182)
[2016.12.06-15.55.50:703][445]LogModuleManager: Shutting down and abandoning module AndroidDeviceDetection (181)
[2016.12.06-15.55.51:191][445]LogModuleManager: Shutting down and abandoning module AndroidPlatformEditor (180)
[2016.12.06-15.55.51:191][445]LogModuleManager: Shutting down and abandoning module IOSRuntimeSettings (179)
[2016.12.06-15.55.51:191][445]LogModuleManager: Shutting down and abandoning module AndroidRuntimeSettings (178)
[2016.12.06-15.55.51:191][445]LogModuleManager: Shutting down and abandoning module MergeActors (177)
[2016.12.06-15.55.51:191][445]LogModuleManager: Shutting down and abandoning module SizeMap (176)
[2016.12.06-15.55.51:191][445]LogModuleManager: Shutting down and abandoning module TreeMap (175)
[2016.12.06-15.55.51:191][445]LogModuleManager: Shutting down and abandoning module ReferenceViewer (174)
[2016.12.06-15.55.51:191][445]LogModuleManager: Shutting down and abandoning module LocalizationService (173)
[2016.12.06-15.55.51:191][445]LogModuleManager: Shutting down and abandoning module LocalizationDashboard (172)
[2016.12.06-15.55.51:191][445]LogModuleManager: Shutting down and abandoning module HardwareTargeting (171)
[2016.12.06-15.55.51:191][445]LogModuleManager: Shutting down and abandoning module DeviceProfileEditor (170)
[2016.12.06-15.55.51:191][445]LogModuleManager: Shutting down and abandoning module UndoHistory (169)
[2016.12.06-15.55.51:191][445]LogModuleManager: Shutting down and abandoning module UserFeedback (168)
[2016.12.06-15.55.51:192][445]LogModuleManager: Shutting down and abandoning module XmlParser (167)
[2016.12.06-15.55.51:192][445]LogModuleManager: Shutting down and abandoning module Blutility (166)
[2016.12.06-15.55.51:192][445]LogModuleManager: Shutting down and abandoning module ProjectTargetPlatformEditor (165)
[2016.12.06-15.55.51:192][445]LogModuleManager: Shutting down and abandoning module ProjectSettingsViewer (164)
[2016.12.06-15.55.51:192][445]LogModuleManager: Shutting down and abandoning module InputBindingEditor (163)
[2016.12.06-15.55.51:192][445]LogModuleManager: Shutting down and abandoning module EditorSettingsViewer (162)
[2016.12.06-15.55.51:192][445]LogModuleManager: Shutting down and abandoning module SettingsEditor (161)
[2016.12.06-15.55.51:192][445]LogModuleManager: Shutting down and abandoning module ProjectLauncher (160)
[2016.12.06-15.55.51:192][445]LogModuleManager: Shutting down and abandoning module SessionFrontend (159)
[2016.12.06-15.55.51:192][445]LogModuleManager: Shutting down and abandoning module ProfilerClient (158)
[2016.12.06-15.55.51:192][445]LogModuleManager: Shutting down and abandoning module TargetDeviceServices (157)
[2016.12.06-15.55.51:192][445]LogModuleManager: Shutting down and abandoning module DeviceManager (156)
[2016.12.06-15.55.51:242][445]LogModuleManager: Shutting down and abandoning module AutomationController (155)
[2016.12.06-15.55.51:242][445]LogModuleManager: Shutting down and abandoning module AutomationWindow (154)
[2016.12.06-15.55.51:242][445]LogModuleManager: Shutting down and abandoning module Layers (153)
[2016.12.06-15.55.51:242][445]LogModuleManager: Shutting down and abandoning module ComponentVisualizers (152)
[2016.12.06-15.55.51:242][445]LogModuleManager: Shutting down and abandoning module DetailCustomizations (151)
[2016.12.06-15.55.51:242][445]LogModuleManager: Shutting down and abandoning module PackagesDialog (150)
[2016.12.06-15.55.51:242][445]LogModuleManager: Shutting down and abandoning module Persona (149)
[2016.12.06-15.55.51:242][445]LogModuleManager: Shutting down and abandoning module Kismet (148)
[2016.12.06-15.55.51:242][445]LogModuleManager: Shutting down and abandoning module GraphEditor (147)
[2016.12.06-15.55.51:242][445]LogModuleManager: Shutting down and abandoning module ClassViewer (146)
[2016.12.06-15.55.51:242][445]LogModuleManager: Shutting down and abandoning module Toolbox (145)
[2016.12.06-15.55.51:242][445]LogModuleManager: Shutting down and abandoning module ModuleUI (144)
[2016.12.06-15.55.51:242][445]LogModuleManager: Shutting down and abandoning module MovieSceneTools (143)
[2016.12.06-15.55.51:242][445]LogModuleManager: Shutting down and abandoning module OutputLog (142)
[2016.12.06-15.55.51:242][445]LogModuleManager: Shutting down and abandoning module GammaUI (141)
[2016.12.06-15.55.51:242][445]LogModuleManager: Shutting down and abandoning module Documentation (140)
[2016.12.06-15.55.51:242][445]LogModuleManager: Shutting down and abandoning module StreamingPauseRendering (139)
[2016.12.06-15.55.51:242][445]LogModuleManager: Shutting down and abandoning module AnalyticsET (138)
[2016.12.06-15.55.51:242][445]LogModuleManager: Shutting down and abandoning module Analytics (137)
[2016.12.06-15.55.51:242][445]LogModuleManager: Shutting down and abandoning module PortalServices (136)
[2016.12.06-15.55.51:242][445]LogModuleManager: Shutting down and abandoning module PortalRpc (135)
[2016.12.06-15.55.51:242][445]LogModuleManager: Shutting down and abandoning module MessagingRpc (134)
[2016.12.06-15.55.51:242][445]LogModuleManager: Shutting down and abandoning module GameplayDebugger (133)
[2016.12.06-15.55.51:242][445]LogModuleManager: Shutting down and abandoning module AITestSuite (132)
[2016.12.06-15.55.51:242][445]LogModuleManager: Shutting down and abandoning module AIModule (131)
[2016.12.06-15.55.51:242][445]LogModuleManager: Shutting down and abandoning module ProfilerService (130)
[2016.12.06-15.55.51:246][445]LogModuleManager: Shutting down and abandoning module TaskGraph (129)
[2016.12.06-15.55.51:246][445]LogModuleManager: Shutting down and abandoning module SlateRemote (128)
[2016.12.06-15.55.51:246][445]LogModuleManager: Shutting down and abandoning module SteamVRController (127)
[2016.12.06-15.55.51:246][445]LogModuleManager: Shutting down and abandoning module SteamVR (126)
[2016.12.06-15.55.51:246][445]LogModuleManager: Shutting down and abandoning module ProceduralMeshComponent (125)
[2016.12.06-15.55.51:246][445]LogModuleManager: Shutting down and abandoning module OculusLibrary (124)
[2016.12.06-15.55.51:246][445]LogModuleManager: Shutting down and abandoning module OculusInput (123)
[2016.12.06-15.55.51:246][445]LogModuleManager: Shutting down and abandoning module CustomMeshComponent (122)
[2016.12.06-15.55.51:246][445]LogModuleManager: Shutting down and abandoning module CableComponent (121)
[2016.12.06-15.55.51:246][445]LogModuleManager: Shutting down and abandoning module ArchVisCharacter (120)
[2016.12.06-15.55.51:246][445]LogModuleManager: Shutting down and abandoning module MediaPlayerEditor (119)
[2016.12.06-15.55.51:246][445]LogModuleManager: Shutting down and abandoning module HTML5Networking (118)
[2016.12.06-15.55.51:246][445]LogModuleManager: Shutting down and abandoning module SuperSearch (117)
[2016.12.06-15.55.51:246][445]LogModuleManager: Shutting down and abandoning module SuperSearchEditor (116)
[2016.12.06-15.55.51:246][445]LogModuleManager: Shutting down and abandoning module SpeedTreeImporter (115)
[2016.12.06-15.55.51:246][445]LogModuleManager: Shutting down and abandoning module PluginBrowser (114)
[2016.12.06-15.55.51:246][445]LogModuleManager: Shutting down and abandoning module EpicSurvey (113)
[2016.12.06-15.55.51:246][445]LogModuleManager: Shutting down and abandoning module DesktopPlatform (112)
[2016.12.06-15.55.51:246][445]LogModuleManager: Shutting down and abandoning module VisualStudioSourceCodeAccess (111)
[2016.12.06-15.55.51:246][445]LogModuleManager: Shutting down and abandoning module UObjectPlugin (110)
[2016.12.06-15.55.51:247][445]LogModuleManager: Shutting down and abandoning module SubversionSourceControl (109)
[2016.12.06-15.55.51:247][445]LogModuleManager: Shutting down and abandoning module PerforceSourceControl (108)
[2016.12.06-15.55.51:247][445]LogModuleManager: Shutting down and abandoning module SourceControl (107)
[2016.12.06-15.55.51:247][445]LogModuleManager: Shutting down and abandoning module GitSourceControl (106)
[2016.12.06-15.55.51:247][445]LogModuleManager: Shutting down and abandoning module LightPropagationVolumeEditor (105)
[2016.12.06-15.55.51:247][445]LogModuleManager: Shutting down and abandoning module PaperTiledImporter (104)
[2016.12.06-15.55.51:247][445]LogModuleManager: Shutting down and abandoning module PaperSpriteSheetImporter (103)
[2016.12.06-15.55.51:247][445]LogModuleManager: Shutting down and abandoning module MeshPaint (102)
[2016.12.06-15.55.51:247][445]LogModuleManager: Shutting down and abandoning module PixelInspectorModule (101)
[2016.12.06-15.55.51:247][445]LogModuleManager: Shutting down and abandoning module HotReload (100)
[2016.12.06-15.55.51:247][445]LogModuleManager: Shutting down and abandoning module MainFrame (99)
[2016.12.06-15.55.51:248][445]LogModuleManager: Shutting down and abandoning module LevelEditor (98)
[2016.12.06-15.55.51:248][445]LogModuleManager: Shutting down and abandoning module ContentBrowser (97)
[2016.12.06-15.55.51:249][445]LogModuleManager: Shutting down and abandoning module Paper2DEditor (96)
[2016.12.06-15.55.51:249][445]LogModuleManager: Shutting down and abandoning module UdpMessaging (95)
[2016.12.06-15.55.51:349][445]LogModuleManager: Shutting down and abandoning module LightPropagationVolumeRuntime (94)
[2016.12.06-15.55.51:349][445]LogModuleManager: Shutting down and abandoning module Paper2D (93)
[2016.12.06-15.55.51:349][445]LogModuleManager: Shutting down and abandoning module WindowsMoviePlayer (92)
[2016.12.06-15.55.51:349][445]LogModuleManager: Shutting down and abandoning module Media (91)
[2016.12.06-15.55.51:349][445]LogModuleManager: Shutting down and abandoning module WmfMedia (90)
[2016.12.06-15.55.51:349][445]LogModuleManager: Shutting down and abandoning module MediaAssets (89)
[2016.12.06-15.55.51:349][445]LogModuleManager: Shutting down and abandoning module GameLiveStreaming (88)
[2016.12.06-15.55.51:349][445]LogModuleManager: Shutting down and abandoning module GameplayTagsEditor (87)
[2016.12.06-15.55.51:349][445]LogModuleManager: Shutting down and abandoning module OnlineBlueprintSupport (86)
[2016.12.06-15.55.51:349][445]LogModuleManager: Shutting down and abandoning module VREditor (85)
[2016.12.06-15.55.51:349][445]LogModuleManager: Shutting down and abandoning module GameplayTasksEditor (84)
[2016.12.06-15.55.51:350][445]LogModuleManager: Shutting down and abandoning module PropertyEditor (83)
[2016.12.06-15.55.51:350][445]LogModuleManager: Shutting down and abandoning module BehaviorTreeEditor (82)
[2016.12.06-15.55.51:350][445]LogModuleManager: Shutting down and abandoning module FunctionalTesting (81)
[2016.12.06-15.55.51:350][445]LogModuleManager: Shutting down and abandoning module CollisionAnalyzer (80)
[2016.12.06-15.55.51:350][445]LogModuleManager: Shutting down and abandoning module Sequencer (79)
[2016.12.06-15.55.51:350][445]LogModuleManager: Shutting down and abandoning module WorkspaceMenuStructure (78)
[2016.12.06-15.55.51:350][445]LogModuleManager: Shutting down and abandoning module MessageLog (77)
[2016.12.06-15.55.51:350][445]LogModuleManager: Shutting down and abandoning module AssetTools (76)
[2016.12.06-15.55.51:350][445]LogModuleManager: Shutting down and abandoning module UMGEditor (75)
[2016.12.06-15.55.51:350][445]LogModuleManager: Shutting down and abandoning module UMG (74)
[2016.12.06-15.55.51:350][445]LogModuleManager: Shutting down and abandoning module SlateReflector (73)
[2016.12.06-15.55.51:350][445]LogModuleManager: Shutting down and abandoning module Slate (72)
[2016.12.06-15.55.51:350][445]LogModuleManager: Shutting down and abandoning module EditorStyle (71)
[2016.12.06-15.55.51:352][445]LogModuleManager: Shutting down and abandoning module SourceCodeAccess (70)
[2016.12.06-15.55.51:352][445]LogModuleManager: Shutting down and abandoning module HeadMountedDisplay (69)
[2016.12.06-15.55.51:352][445]LogModuleManager: Shutting down and abandoning module XAudio2 (68)
[2016.12.06-15.55.51:353][445]LogModuleManager: Shutting down and abandoning module Networking (66)
[2016.12.06-15.55.51:353][445]LogModuleManager: Shutting down and abandoning module Core (65)
[2016.12.06-15.55.51:353][445]LogModuleManager: Shutting down and abandoning module DirectoryWatcher (64)
[2016.12.06-15.55.52:354][445]LogModuleManager: Shutting down and abandoning module AssetRegistry (63)
[2016.12.06-15.55.52:972][445]LogModuleManager: Shutting down and abandoning module KismetCompiler (62)
[2016.12.06-15.55.52:972][445]LogModuleManager: Shutting down and abandoning module PhysXFormats (61)
[2016.12.06-15.55.52:972][445]LogModuleManager: Shutting down and abandoning module MeshUtilities (60)
[2016.12.06-15.55.52:972][445]LogModuleManager: Shutting down and abandoning module DerivedDataCache (59)
[2016.12.06-15.55.52:982][445]LogDerivedDataCache: Shutdown
[2016.12.06-15.55.52:982][445]LogModuleManager: Shutting down and abandoning module VulkanShaderFormat (58)
[2016.12.06-15.55.52:982][445]LogModuleManager: Shutting down and abandoning module ShaderFormatOpenGL (57)
[2016.12.06-15.55.52:982][445]LogModuleManager: Shutting down and abandoning module ShaderFormatD3D (56)
[2016.12.06-15.55.52:982][445]LogModuleManager: Shutting down and abandoning module MetalShaderFormat (55)
[2016.12.06-15.55.52:982][445]LogModuleManager: Shutting down and abandoning module TextureFormatUncompressed (54)
[2016.12.06-15.55.52:982][445]LogModuleManager: Shutting down and abandoning module TextureFormatPVR (53)
[2016.12.06-15.55.52:982][445]LogModuleManager: Shutting down and abandoning module TextureFormatIntelISPCTexComp (52)
[2016.12.06-15.55.52:982][445]LogModuleManager: Shutting down and abandoning module TextureFormatDXT (51)
[2016.12.06-15.55.52:982][445]LogModuleManager: Shutting down and abandoning module ImageWrapper (50)
[2016.12.06-15.55.52:982][445]LogModuleManager: Shutting down and abandoning module TextureFormatASTC (49)
[2016.12.06-15.55.52:982][445]LogModuleManager: Shutting down and abandoning module TextureFormatAndroid (48)
[2016.12.06-15.55.52:982][445]LogModuleManager: Shutting down and abandoning module AudioFormatOpus (47)
[2016.12.06-15.55.52:982][445]LogModuleManager: Shutting down and abandoning module AudioFormatOgg (46)
[2016.12.06-15.55.52:982][445]LogModuleManager: Shutting down and abandoning module AudioFormatADPCM (45)
[2016.12.06-15.55.52:982][445]LogModuleManager: Shutting down and abandoning module LinuxTargetPlatform (44)
[2016.12.06-15.55.52:982][445]LogModuleManager: Shutting down and abandoning module LinuxServerTargetPlatform (43)
[2016.12.06-15.55.52:983][445]LogModuleManager: Shutting down and abandoning module LinuxNoEditorTargetPlatform (42)
[2016.12.06-15.55.52:983][445]LogModuleManager: Shutting down and abandoning module TVOSTargetPlatform (41)
[2016.12.06-15.55.52:983][445]LogModuleManager: Shutting down and abandoning module Messaging (40)
[2016.12.06-15.55.52:983][445]LogModuleManager: Shutting down and abandoning module IOSTargetPlatform (39)
[2016.12.06-15.55.52:983][445]LogModuleManager: Shutting down and abandoning module HTML5TargetPlatform (38)
[2016.12.06-15.55.52:983][445]LogModuleManager: Shutting down and abandoning module Android_PVRTCTargetPlatform (37)
[2016.12.06-15.55.52:983][445]LogModuleManager: Shutting down and abandoning module Android_MultiTargetPlatform (36)
[2016.12.06-15.55.52:983][445]LogModuleManager: Shutting down and abandoning module Android_ETC2TargetPlatform (35)
[2016.12.06-15.55.52:983][445]LogModuleManager: Shutting down and abandoning module Android_ETC1TargetPlatform (34)
[2016.12.06-15.55.52:983][445]LogModuleManager: Shutting down and abandoning module Android_DXTTargetPlatform (33)
[2016.12.06-15.55.52:983][445]LogModuleManager: Shutting down and abandoning module Android_ATCTargetPlatform (32)
[2016.12.06-15.55.52:983][445]LogModuleManager: Shutting down and abandoning module Android_ASTCTargetPlatform (31)
[2016.12.06-15.55.52:983][445]LogModuleManager: Shutting down and abandoning module AndroidTargetPlatform (30)
[2016.12.06-15.55.52:983][445]LogModuleManager: Shutting down and abandoning module WindowsTargetPlatform (29)
[2016.12.06-15.55.52:983][445]LogModuleManager: Shutting down and abandoning module WindowsServerTargetPlatform (28)
[2016.12.06-15.55.52:983][445]LogModuleManager: Shutting down and abandoning module WindowsNoEditorTargetPlatform (27)
[2016.12.06-15.55.52:983][445]LogModuleManager: Shutting down and abandoning module WindowsClientTargetPlatform (26)
[2016.12.06-15.55.52:983][445]LogModuleManager: Shutting down and abandoning module AllDesktopTargetPlatform (25)
[2016.12.06-15.55.52:983][445]LogModuleManager: Shutting down and abandoning module TargetPlatform (24)
[2016.12.06-15.55.52:983][445]LogModuleManager: Shutting down and abandoning module InputCore (23)
[2016.12.06-15.55.52:983][445]LogModuleManager: Shutting down and abandoning module Settings (22)
[2016.12.06-15.55.52:983][445]LogModuleManager: Shutting down and abandoning module OnlineSubsystem (20)
[2016.12.06-15.55.52:983][445]LogModuleManager: Shutting down and abandoning module HTTP (19)
[2016.12.06-15.55.54:483][445]LogModuleManager: Shutting down and abandoning module XMPP (18)
[2016.12.06-15.55.54:483][445]LogModuleManager: Shutting down and abandoning module OculusRift (17)
[2016.12.06-15.55.54:484][445]LogHMD: Oculus shutdown.
[2016.12.06-15.55.54:484][445]LogModuleManager: Shutting down and abandoning module LeapMotion (16)
[2016.12.06-15.55.54:484][445]LogModuleManager: Shutting down and abandoning module ExampleDeviceProfileSelector (15)
[2016.12.06-15.55.54:484][445]LogModuleManager: Shutting down and abandoning module TextureCompressor (14)
[2016.12.06-15.55.54:484][445]LogModuleManager: Shutting down and abandoning module ShaderCore (13)
[2016.12.06-15.55.54:484][445]LogModuleManager: Shutting down and abandoning module Landscape (12)
[2016.12.06-15.55.54:484][445]LogModuleManager: Shutting down and abandoning module SlateRHIRenderer (11)
[2016.12.06-15.55.54:485][445]LogModuleManager: Shutting down and abandoning module OpenGLDrv (10)
[2016.12.06-15.55.54:485][445]LogModuleManager: Shutting down and abandoning module D3D11RHI (9)
[2016.12.06-15.55.54:485][445]LogModuleManager: Shutting down and abandoning module AnimGraphRuntime (8)
[2016.12.06-15.55.54:485][445]LogModuleManager: Shutting down and abandoning module Renderer (7)
[2016.12.06-15.55.54:485][445]LogModuleManager: Shutting down and abandoning module Engine (6)
[2016.12.06-15.55.54:485][445]LogModuleManager: Shutting down and abandoning module CoreUObject (5)
[2016.12.06-15.55.54:485][445]LogModuleManager: Shutting down and abandoning module NetworkFile (4)
[2016.12.06-15.55.54:485][445]LogModuleManager: Shutting down and abandoning module StreamingFile (3)
[2016.12.06-15.55.54:485][445]LogModuleManager: Shutting down and abandoning module SandboxFile (2)
[2016.12.06-15.55.54:485][445]LogModuleManager: Shutting down and abandoning module PakFile (1)
[2016.12.06-15.55.54:486][445]LogExit: Exiting.
[2016.12.06-15.55.54:487][445]Log file closed, 12/06/16 10:55:54
